11-Dec-2015 00:16:50.706 INFO [ContainerBackgroundProcessor[StandardEngine[Catalina]]] org.apache.catalina.startup.HostConfig.reload Reloading context [/UploadFileServlet]
11-Dec-2015 00:16:50.707 INFO [ContainerBackgroundProcessor[StandardEngine[Catalina]]] org.apache.catalina.core.StandardContext.reload Reloading Context with name [/UploadFileServlet] has started
11-Dec-2015 00:16:50.750 INFO [ContainerBackgroundProcessor[StandardEngine[Catalina]]] org.apache.catalina.core.StandardContext.reload Reloading Context with name [/UploadFileServlet] is completed
11-Dec-2015 00:18:07.665 INFO [main] org.apache.catalina.core.StandardServer.await A valid shutdown command was received via the shutdown port. Stopping the Server instance.
11-Dec-2015 00:18:07.666 INFO [main] org.apache.coyote.AbstractProtocol.pause Pausing ProtocolHandler ["http-nio-9075"]
11-Dec-2015 00:18:07.720 INFO [main] org.apache.coyote.AbstractProtocol.pause Pausing ProtocolHandler ["ajp-nio-8009"]
11-Dec-2015 00:18:07.720 INFO [main] org.apache.catalina.core.StandardService.stopInternal Stopping service Catalina
11-Dec-2015 00:18:07.784 INFO [main] org.apache.coyote.AbstractProtocol.stop Stopping ProtocolHandler ["http-nio-9075"]
11-Dec-2015 00:18:07.788 INFO [main] org.apache.coyote.AbstractProtocol.destroy Destroying ProtocolHandler ["http-nio-9075"]
11-Dec-2015 00:18:07.789 INFO [main] org.apache.coyote.AbstractProtocol.stop Stopping ProtocolHandler ["ajp-nio-8009"]
11-Dec-2015 00:18:07.789 INFO [main] org.apache.coyote.AbstractProtocol.destroy Destroying ProtocolHandler ["ajp-nio-8009"]
11-Dec-2015 00:18:19.057 INFO [main] org.apache.catalina.startup.VersionLoggerListener.log Server version:        Apache Tomcat/9.0.0.M1
11-Dec-2015 00:18:19.059 INFO [main] org.apache.catalina.startup.VersionLoggerListener.log Server built:          Nov 12 2015 22:05:52 UTC
11-Dec-2015 00:18:19.059 INFO [main] org.apache.catalina.startup.VersionLoggerListener.log Server number:         9.0.0.0
11-Dec-2015 00:18:19.059 INFO [main] org.apache.catalina.startup.VersionLoggerListener.log OS Name:               Linux
11-Dec-2015 00:18:19.059 INFO [main] org.apache.catalina.startup.VersionLoggerListener.log OS Version:            3.15.10
11-Dec-2015 00:18:19.060 INFO [main] org.apache.catalina.startup.VersionLoggerListener.log Architecture:          amd64
11-Dec-2015 00:18:19.060 INFO [main] org.apache.catalina.startup.VersionLoggerListener.log Java Home:             /usr/opt/oracle-jdk-bin-1.8.0.25/jre
11-Dec-2015 00:18:19.060 INFO [main] org.apache.catalina.startup.VersionLoggerListener.log JVM Version:           1.8.0_25-b17
11-Dec-2015 00:18:19.060 INFO [main] org.apache.catalina.startup.VersionLoggerListener.log JVM Vendor:            Oracle Corporation
11-Dec-2015 00:18:19.060 INFO [main] org.apache.catalina.startup.VersionLoggerListener.log CATALINA_BASE:         /home/blitz-wiki/Blitz/Server/javapic/apache-tomcat-9.0.0.M1
11-Dec-2015 00:18:19.060 INFO [main] org.apache.catalina.startup.VersionLoggerListener.log CATALINA_HOME:         /home/blitz-wiki/Blitz/Server/javapic/apache-tomcat-9.0.0.M1
11-Dec-2015 00:18:19.061 INFO [main] org.apache.catalina.startup.VersionLoggerListener.log Command line argument: -Djava.util.logging.config.file=/homes/blitz-wiki/Blitz/Server/javapic/apache-tomcat-9.0.0.M1/conf/logging.properties
11-Dec-2015 00:18:19.061 INFO [main] org.apache.catalina.startup.VersionLoggerListener.log Command line argument: -Djava.util.logging.manager=org.apache.juli.ClassLoaderLogManager
11-Dec-2015 00:18:19.061 INFO [main] org.apache.catalina.startup.VersionLoggerListener.log Command line argument: -Dcatalina.base=/homes/blitz-wiki/Blitz/Server/javapic/apache-tomcat-9.0.0.M1
11-Dec-2015 00:18:19.061 INFO [main] org.apache.catalina.startup.VersionLoggerListener.log Command line argument: -Dcatalina.home=/homes/blitz-wiki/Blitz/Server/javapic/apache-tomcat-9.0.0.M1
11-Dec-2015 00:18:19.061 INFO [main] org.apache.catalina.startup.VersionLoggerListener.log Command line argument: -Djava.io.tmpdir=/homes/blitz-wiki/Blitz/Server/javapic/apache-tomcat-9.0.0.M1/temp
11-Dec-2015 00:18:19.061 INFO [main] org.apache.catalina.core.AprLifecycleListener.lifecycleEvent The APR based Apache Tomcat Native library which allows optimal performance in production environments was not found on the java.library.path: /usr/java/packages/lib/amd64:/usr/lib64:/lib64:/lib:/usr/lib
11-Dec-2015 00:18:19.229 INFO [main] org.apache.coyote.AbstractProtocol.init Initializing ProtocolHandler ["http-nio-9075"]
11-Dec-2015 00:18:19.249 INFO [main] org.apache.tomcat.util.net.NioSelectorPool.getSharedSelector Using a shared selector for servlet write/read
11-Dec-2015 00:18:19.253 INFO [main] org.apache.coyote.AbstractProtocol.init Initializing ProtocolHandler ["ajp-nio-8009"]
11-Dec-2015 00:18:19.255 SEVERE [main] org.apache.coyote.AbstractProtocol.init Failed to initialize end point associated with ProtocolHandler ["ajp-nio-8009"]
 java.net.BindException: Address already in use
	at sun.nio.ch.Net.bind0(Native Method)
	at sun.nio.ch.Net.bind(Net.java:436)
	at sun.nio.ch.Net.bind(Net.java:428)
	at sun.nio.ch.ServerSocketChannelImpl.bind(ServerSocketChannelImpl.java:214)
	at sun.nio.ch.ServerSocketAdaptor.bind(ServerSocketAdaptor.java:74)
	at org.apache.tomcat.util.net.NioEndpoint.bind(NioEndpoint.java:245)
	at org.apache.tomcat.util.net.AbstractEndpoint.init(AbstractEndpoint.java:790)
	at org.apache.coyote.AbstractProtocol.init(AbstractProtocol.java:544)
	at org.apache.catalina.connector.Connector.initInternal(Connector.java:978)
	at org.apache.catalina.util.LifecycleBase.init(LifecycleBase.java:107)
	at org.apache.catalina.core.StandardService.initInternal(StandardService.java:569)
	at org.apache.catalina.util.LifecycleBase.init(LifecycleBase.java:107)
	at org.apache.catalina.core.StandardServer.initInternal(StandardServer.java:851)
	at org.apache.catalina.util.LifecycleBase.init(LifecycleBase.java:107)
	at org.apache.catalina.startup.Catalina.load(Catalina.java:600)
	at org.apache.catalina.startup.Catalina.load(Catalina.java:623)
	at sun.reflect.NativeMethodAccessorImpl.invoke0(Native Method)
	at sun.reflect.NativeMethodAccessorImpl.invoke(NativeMethodAccessorImpl.java:62)
	at sun.reflect.DelegatingMethodAccessorImpl.invoke(DelegatingMethodAccessorImpl.java:43)
	at java.lang.reflect.Method.invoke(Method.java:483)
	at org.apache.catalina.startup.Bootstrap.load(Bootstrap.java:310)
	at org.apache.catalina.startup.Bootstrap.main(Bootstrap.java:484)

11-Dec-2015 00:18:19.257 SEVERE [main] org.apache.catalina.core.StandardService.initInternal Failed to initialize connector [Connector[AJP/1.3-8009]]
 org.apache.catalina.LifecycleException: Failed to initialize component [Connector[AJP/1.3-8009]]
	at org.apache.catalina.util.LifecycleBase.init(LifecycleBase.java:112)
	at org.apache.catalina.core.StandardService.initInternal(StandardService.java:569)
	at org.apache.catalina.util.LifecycleBase.init(LifecycleBase.java:107)
	at org.apache.catalina.core.StandardServer.initInternal(StandardServer.java:851)
	at org.apache.catalina.util.LifecycleBase.init(LifecycleBase.java:107)
	at org.apache.catalina.startup.Catalina.load(Catalina.java:600)
	at org.apache.catalina.startup.Catalina.load(Catalina.java:623)
	at sun.reflect.NativeMethodAccessorImpl.invoke0(Native Method)
	at sun.reflect.NativeMethodAccessorImpl.invoke(NativeMethodAccessorImpl.java:62)
	at sun.reflect.DelegatingMethodAccessorImpl.invoke(DelegatingMethodAccessorImpl.java:43)
	at java.lang.reflect.Method.invoke(Method.java:483)
	at org.apache.catalina.startup.Bootstrap.load(Bootstrap.java:310)
	at org.apache.catalina.startup.Bootstrap.main(Bootstrap.java:484)
Caused by: org.apache.catalina.LifecycleException: Protocol handler initialization failed
	at org.apache.catalina.connector.Connector.initInternal(Connector.java:982)
	at org.apache.catalina.util.LifecycleBase.init(LifecycleBase.java:107)
	... 12 more
Caused by: java.net.BindException: Address already in use
	at sun.nio.ch.Net.bind0(Native Method)
	at sun.nio.ch.Net.bind(Net.java:436)
	at sun.nio.ch.Net.bind(Net.java:428)
	at sun.nio.ch.ServerSocketChannelImpl.bind(ServerSocketChannelImpl.java:214)
	at sun.nio.ch.ServerSocketAdaptor.bind(ServerSocketAdaptor.java:74)
	at org.apache.tomcat.util.net.NioEndpoint.bind(NioEndpoint.java:245)
	at org.apache.tomcat.util.net.AbstractEndpoint.init(AbstractEndpoint.java:790)
	at org.apache.coyote.AbstractProtocol.init(AbstractProtocol.java:544)
	at org.apache.catalina.connector.Connector.initInternal(Connector.java:978)
	... 13 more

11-Dec-2015 00:18:19.258 INFO [main] org.apache.catalina.startup.Catalina.load Initialization processed in 672 ms
11-Dec-2015 00:18:19.287 INFO [main] org.apache.catalina.core.StandardService.startInternal Starting service Catalina
11-Dec-2015 00:18:19.287 INFO [main] org.apache.catalina.core.StandardEngine.startInternal Starting Servlet Engine: Apache Tomcat/9.0.0.M1
11-Dec-2015 00:18:19.314 INFO [localhost-startStop-1] org.apache.catalina.startup.HostConfig.deployDirectory Deploying web application directory /home/blitz-wiki/Blitz/Server/javapic/apache-tomcat-9.0.0.M1/webapps/host-manager
11-Dec-2015 00:18:19.706 INFO [localhost-startStop-1] org.apache.catalina.startup.HostConfig.deployDirectory Deployment of web application directory /home/blitz-wiki/Blitz/Server/javapic/apache-tomcat-9.0.0.M1/webapps/host-manager has finished in 391 ms
11-Dec-2015 00:18:19.706 INFO [localhost-startStop-1] org.apache.catalina.startup.HostConfig.deployDirectory Deploying web application directory /home/blitz-wiki/Blitz/Server/javapic/apache-tomcat-9.0.0.M1/webapps/examples
11-Dec-2015 00:18:20.009 INFO [localhost-startStop-1] org.apache.catalina.startup.HostConfig.deployDirectory Deployment of web application directory /home/blitz-wiki/Blitz/Server/javapic/apache-tomcat-9.0.0.M1/webapps/examples has finished in 303 ms
11-Dec-2015 00:18:20.010 INFO [localhost-startStop-1] org.apache.catalina.startup.HostConfig.deployDirectory Deploying web application directory /home/blitz-wiki/Blitz/Server/javapic/apache-tomcat-9.0.0.M1/webapps/manager
11-Dec-2015 00:18:20.065 INFO [localhost-startStop-1] org.apache.catalina.startup.HostConfig.deployDirectory Deployment of web application directory /home/blitz-wiki/Blitz/Server/javapic/apache-tomcat-9.0.0.M1/webapps/manager has finished in 54 ms
11-Dec-2015 00:18:20.065 INFO [localhost-startStop-1] org.apache.catalina.startup.HostConfig.deployDirectory Deploying web application directory /home/blitz-wiki/Blitz/Server/javapic/apache-tomcat-9.0.0.M1/webapps/docs
11-Dec-2015 00:18:20.088 INFO [localhost-startStop-1] org.apache.catalina.startup.HostConfig.deployDirectory Deployment of web application directory /home/blitz-wiki/Blitz/Server/javapic/apache-tomcat-9.0.0.M1/webapps/docs has finished in 23 ms
11-Dec-2015 00:18:20.089 INFO [localhost-startStop-1] org.apache.catalina.startup.HostConfig.deployDirectory Deploying web application directory /home/blitz-wiki/Blitz/Server/javapic/apache-tomcat-9.0.0.M1/webapps/ROOT
11-Dec-2015 00:18:20.110 INFO [localhost-startStop-1] org.apache.catalina.startup.HostConfig.deployDirectory Deployment of web application directory /home/blitz-wiki/Blitz/Server/javapic/apache-tomcat-9.0.0.M1/webapps/ROOT has finished in 21 ms
11-Dec-2015 00:18:20.111 INFO [localhost-startStop-1] org.apache.catalina.startup.HostConfig.deployDirectory Deploying web application directory /home/blitz-wiki/Blitz/Server/javapic/apache-tomcat-9.0.0.M1/webapps/UploadFileServlet
11-Dec-2015 00:18:20.165 INFO [localhost-startStop-1] org.apache.catalina.startup.HostConfig.deployDirectory Deployment of web application directory /home/blitz-wiki/Blitz/Server/javapic/apache-tomcat-9.0.0.M1/webapps/UploadFileServlet has finished in 54 ms
11-Dec-2015 00:18:20.171 INFO [main] org.apache.coyote.AbstractProtocol.start Starting ProtocolHandler [http-nio-9075]
11-Dec-2015 00:18:20.182 INFO [main] org.apache.catalina.startup.Catalina.start Server startup in 923 ms
11-Dec-2015 00:26:00.243 INFO [ContainerBackgroundProcessor[StandardEngine[Catalina]]] org.apache.catalina.startup.HostConfig.reload Reloading context [/UploadFileServlet]
11-Dec-2015 00:26:00.244 INFO [ContainerBackgroundProcessor[StandardEngine[Catalina]]] org.apache.catalina.core.StandardContext.reload Reloading Context with name [/UploadFileServlet] has started
11-Dec-2015 00:26:00.310 INFO [ContainerBackgroundProcessor[StandardEngine[Catalina]]] org.apache.catalina.core.StandardContext.reload Reloading Context with name [/UploadFileServlet] is completed
11-Dec-2015 00:26:01.709 INFO [main] org.apache.catalina.core.StandardServer.await A valid shutdown command was received via the shutdown port. Stopping the Server instance.
11-Dec-2015 00:26:01.710 INFO [main] org.apache.coyote.AbstractProtocol.pause Pausing ProtocolHandler ["http-nio-9075"]
11-Dec-2015 00:26:01.764 INFO [main] org.apache.coyote.AbstractProtocol.pause Pausing ProtocolHandler ["ajp-nio-8009"]
11-Dec-2015 00:26:01.764 INFO [main] org.apache.catalina.core.StandardService.stopInternal Stopping service Catalina
11-Dec-2015 00:26:01.802 INFO [main] org.apache.coyote.AbstractProtocol.stop Stopping ProtocolHandler ["http-nio-9075"]
11-Dec-2015 00:26:01.804 INFO [main] org.apache.coyote.AbstractProtocol.destroy Destroying ProtocolHandler ["http-nio-9075"]
11-Dec-2015 00:26:01.805 INFO [main] org.apache.coyote.AbstractProtocol.stop Stopping ProtocolHandler ["ajp-nio-8009"]
11-Dec-2015 00:26:01.805 INFO [main] org.apache.coyote.AbstractProtocol.destroy Destroying ProtocolHandler ["ajp-nio-8009"]
11-Dec-2015 00:26:08.333 INFO [main] org.apache.catalina.startup.VersionLoggerListener.log Server version:        Apache Tomcat/9.0.0.M1
11-Dec-2015 00:26:08.335 INFO [main] org.apache.catalina.startup.VersionLoggerListener.log Server built:          Nov 12 2015 22:05:52 UTC
11-Dec-2015 00:26:08.335 INFO [main] org.apache.catalina.startup.VersionLoggerListener.log Server number:         9.0.0.0
11-Dec-2015 00:26:08.335 INFO [main] org.apache.catalina.startup.VersionLoggerListener.log OS Name:               Linux
11-Dec-2015 00:26:08.335 INFO [main] org.apache.catalina.startup.VersionLoggerListener.log OS Version:            3.15.10
11-Dec-2015 00:26:08.335 INFO [main] org.apache.catalina.startup.VersionLoggerListener.log Architecture:          amd64
11-Dec-2015 00:26:08.335 INFO [main] org.apache.catalina.startup.VersionLoggerListener.log Java Home:             /usr/opt/oracle-jdk-bin-1.8.0.25/jre
11-Dec-2015 00:26:08.335 INFO [main] org.apache.catalina.startup.VersionLoggerListener.log JVM Version:           1.8.0_25-b17
11-Dec-2015 00:26:08.335 INFO [main] org.apache.catalina.startup.VersionLoggerListener.log JVM Vendor:            Oracle Corporation
11-Dec-2015 00:26:08.336 INFO [main] org.apache.catalina.startup.VersionLoggerListener.log CATALINA_BASE:         /home/blitz-wiki/Blitz/Server/javapic/apache-tomcat-9.0.0.M1
11-Dec-2015 00:26:08.336 INFO [main] org.apache.catalina.startup.VersionLoggerListener.log CATALINA_HOME:         /home/blitz-wiki/Blitz/Server/javapic/apache-tomcat-9.0.0.M1
11-Dec-2015 00:26:08.337 INFO [main] org.apache.catalina.startup.VersionLoggerListener.log Command line argument: -Djava.util.logging.config.file=/homes/blitz-wiki/Blitz/Server/javapic/apache-tomcat-9.0.0.M1/conf/logging.properties
11-Dec-2015 00:26:08.337 INFO [main] org.apache.catalina.startup.VersionLoggerListener.log Command line argument: -Djava.util.logging.manager=org.apache.juli.ClassLoaderLogManager
11-Dec-2015 00:26:08.337 INFO [main] org.apache.catalina.startup.VersionLoggerListener.log Command line argument: -Dcatalina.base=/homes/blitz-wiki/Blitz/Server/javapic/apache-tomcat-9.0.0.M1
11-Dec-2015 00:26:08.337 INFO [main] org.apache.catalina.startup.VersionLoggerListener.log Command line argument: -Dcatalina.home=/homes/blitz-wiki/Blitz/Server/javapic/apache-tomcat-9.0.0.M1
11-Dec-2015 00:26:08.337 INFO [main] org.apache.catalina.startup.VersionLoggerListener.log Command line argument: -Djava.io.tmpdir=/homes/blitz-wiki/Blitz/Server/javapic/apache-tomcat-9.0.0.M1/temp
11-Dec-2015 00:26:08.337 INFO [main] org.apache.catalina.core.AprLifecycleListener.lifecycleEvent The APR based Apache Tomcat Native library which allows optimal performance in production environments was not found on the java.library.path: /usr/java/packages/lib/amd64:/usr/lib64:/lib64:/lib:/usr/lib
11-Dec-2015 00:26:08.506 INFO [main] org.apache.coyote.AbstractProtocol.init Initializing ProtocolHandler ["http-nio-9075"]
11-Dec-2015 00:26:08.526 INFO [main] org.apache.tomcat.util.net.NioSelectorPool.getSharedSelector Using a shared selector for servlet write/read
11-Dec-2015 00:26:08.530 INFO [main] org.apache.coyote.AbstractProtocol.init Initializing ProtocolHandler ["ajp-nio-8009"]
11-Dec-2015 00:26:08.532 SEVERE [main] org.apache.coyote.AbstractProtocol.init Failed to initialize end point associated with ProtocolHandler ["ajp-nio-8009"]
 java.net.BindException: Address already in use
	at sun.nio.ch.Net.bind0(Native Method)
	at sun.nio.ch.Net.bind(Net.java:436)
	at sun.nio.ch.Net.bind(Net.java:428)
	at sun.nio.ch.ServerSocketChannelImpl.bind(ServerSocketChannelImpl.java:214)
	at sun.nio.ch.ServerSocketAdaptor.bind(ServerSocketAdaptor.java:74)
	at org.apache.tomcat.util.net.NioEndpoint.bind(NioEndpoint.java:245)
	at org.apache.tomcat.util.net.AbstractEndpoint.init(AbstractEndpoint.java:790)
	at org.apache.coyote.AbstractProtocol.init(AbstractProtocol.java:544)
	at org.apache.catalina.connector.Connector.initInternal(Connector.java:978)
	at org.apache.catalina.util.LifecycleBase.init(LifecycleBase.java:107)
	at org.apache.catalina.core.StandardService.initInternal(StandardService.java:569)
	at org.apache.catalina.util.LifecycleBase.init(LifecycleBase.java:107)
	at org.apache.catalina.core.StandardServer.initInternal(StandardServer.java:851)
	at org.apache.catalina.util.LifecycleBase.init(LifecycleBase.java:107)
	at org.apache.catalina.startup.Catalina.load(Catalina.java:600)
	at org.apache.catalina.startup.Catalina.load(Catalina.java:623)
	at sun.reflect.NativeMethodAccessorImpl.invoke0(Native Method)
	at sun.reflect.NativeMethodAccessorImpl.invoke(NativeMethodAccessorImpl.java:62)
	at sun.reflect.DelegatingMethodAccessorImpl.invoke(DelegatingMethodAccessorImpl.java:43)
	at java.lang.reflect.Method.invoke(Method.java:483)
	at org.apache.catalina.startup.Bootstrap.load(Bootstrap.java:310)
	at org.apache.catalina.startup.Bootstrap.main(Bootstrap.java:484)

11-Dec-2015 00:26:08.534 SEVERE [main] org.apache.catalina.core.StandardService.initInternal Failed to initialize connector [Connector[AJP/1.3-8009]]
 org.apache.catalina.LifecycleException: Failed to initialize component [Connector[AJP/1.3-8009]]
	at org.apache.catalina.util.LifecycleBase.init(LifecycleBase.java:112)
	at org.apache.catalina.core.StandardService.initInternal(StandardService.java:569)
	at org.apache.catalina.util.LifecycleBase.init(LifecycleBase.java:107)
	at org.apache.catalina.core.StandardServer.initInternal(StandardServer.java:851)
	at org.apache.catalina.util.LifecycleBase.init(LifecycleBase.java:107)
	at org.apache.catalina.startup.Catalina.load(Catalina.java:600)
	at org.apache.catalina.startup.Catalina.load(Catalina.java:623)
	at sun.reflect.NativeMethodAccessorImpl.invoke0(Native Method)
	at sun.reflect.NativeMethodAccessorImpl.invoke(NativeMethodAccessorImpl.java:62)
	at sun.reflect.DelegatingMethodAccessorImpl.invoke(DelegatingMethodAccessorImpl.java:43)
	at java.lang.reflect.Method.invoke(Method.java:483)
	at org.apache.catalina.startup.Bootstrap.load(Bootstrap.java:310)
	at org.apache.catalina.startup.Bootstrap.main(Bootstrap.java:484)
Caused by: org.apache.catalina.LifecycleException: Protocol handler initialization failed
	at org.apache.catalina.connector.Connector.initInternal(Connector.java:982)
	at org.apache.catalina.util.LifecycleBase.init(LifecycleBase.java:107)
	... 12 more
Caused by: java.net.BindException: Address already in use
	at sun.nio.ch.Net.bind0(Native Method)
	at sun.nio.ch.Net.bind(Net.java:436)
	at sun.nio.ch.Net.bind(Net.java:428)
	at sun.nio.ch.ServerSocketChannelImpl.bind(ServerSocketChannelImpl.java:214)
	at sun.nio.ch.ServerSocketAdaptor.bind(ServerSocketAdaptor.java:74)
	at org.apache.tomcat.util.net.NioEndpoint.bind(NioEndpoint.java:245)
	at org.apache.tomcat.util.net.AbstractEndpoint.init(AbstractEndpoint.java:790)
	at org.apache.coyote.AbstractProtocol.init(AbstractProtocol.java:544)
	at org.apache.catalina.connector.Connector.initInternal(Connector.java:978)
	... 13 more

11-Dec-2015 00:26:08.535 INFO [main] org.apache.catalina.startup.Catalina.load Initialization processed in 661 ms
11-Dec-2015 00:26:08.563 INFO [main] org.apache.catalina.core.StandardService.startInternal Starting service Catalina
11-Dec-2015 00:26:08.564 INFO [main] org.apache.catalina.core.StandardEngine.startInternal Starting Servlet Engine: Apache Tomcat/9.0.0.M1
11-Dec-2015 00:26:08.590 INFO [localhost-startStop-1] org.apache.catalina.startup.HostConfig.deployDirectory Deploying web application directory /home/blitz-wiki/Blitz/Server/javapic/apache-tomcat-9.0.0.M1/webapps/host-manager
11-Dec-2015 00:26:08.946 INFO [localhost-startStop-1] org.apache.catalina.startup.HostConfig.deployDirectory Deployment of web application directory /home/blitz-wiki/Blitz/Server/javapic/apache-tomcat-9.0.0.M1/webapps/host-manager has finished in 355 ms
11-Dec-2015 00:26:08.946 INFO [localhost-startStop-1] org.apache.catalina.startup.HostConfig.deployDirectory Deploying web application directory /home/blitz-wiki/Blitz/Server/javapic/apache-tomcat-9.0.0.M1/webapps/examples
11-Dec-2015 00:26:09.279 INFO [localhost-startStop-1] org.apache.catalina.startup.HostConfig.deployDirectory Deployment of web application directory /home/blitz-wiki/Blitz/Server/javapic/apache-tomcat-9.0.0.M1/webapps/examples has finished in 333 ms
11-Dec-2015 00:26:09.280 INFO [localhost-startStop-1] org.apache.catalina.startup.HostConfig.deployDirectory Deploying web application directory /home/blitz-wiki/Blitz/Server/javapic/apache-tomcat-9.0.0.M1/webapps/manager
11-Dec-2015 00:26:09.327 INFO [localhost-startStop-1] org.apache.catalina.startup.HostConfig.deployDirectory Deployment of web application directory /home/blitz-wiki/Blitz/Server/javapic/apache-tomcat-9.0.0.M1/webapps/manager has finished in 47 ms
11-Dec-2015 00:26:09.327 INFO [localhost-startStop-1] org.apache.catalina.startup.HostConfig.deployDirectory Deploying web application directory /home/blitz-wiki/Blitz/Server/javapic/apache-tomcat-9.0.0.M1/webapps/docs
11-Dec-2015 00:26:09.351 INFO [localhost-startStop-1] org.apache.catalina.startup.HostConfig.deployDirectory Deployment of web application directory /home/blitz-wiki/Blitz/Server/javapic/apache-tomcat-9.0.0.M1/webapps/docs has finished in 24 ms
11-Dec-2015 00:26:09.352 INFO [localhost-startStop-1] org.apache.catalina.startup.HostConfig.deployDirectory Deploying web application directory /home/blitz-wiki/Blitz/Server/javapic/apache-tomcat-9.0.0.M1/webapps/ROOT
11-Dec-2015 00:26:09.372 INFO [localhost-startStop-1] org.apache.catalina.startup.HostConfig.deployDirectory Deployment of web application directory /home/blitz-wiki/Blitz/Server/javapic/apache-tomcat-9.0.0.M1/webapps/ROOT has finished in 20 ms
11-Dec-2015 00:26:09.373 INFO [localhost-startStop-1] org.apache.catalina.startup.HostConfig.deployDirectory Deploying web application directory /home/blitz-wiki/Blitz/Server/javapic/apache-tomcat-9.0.0.M1/webapps/UploadFileServlet
11-Dec-2015 00:26:09.428 INFO [localhost-startStop-1] org.apache.catalina.startup.HostConfig.deployDirectory Deployment of web application directory /home/blitz-wiki/Blitz/Server/javapic/apache-tomcat-9.0.0.M1/webapps/UploadFileServlet has finished in 56 ms
11-Dec-2015 00:26:09.433 INFO [main] org.apache.coyote.AbstractProtocol.start Starting ProtocolHandler [http-nio-9075]
11-Dec-2015 00:26:09.441 INFO [main] org.apache.catalina.startup.Catalina.start Server startup in 905 ms
11-Dec-2015 01:15:54.757 INFO [main] org.apache.catalina.core.StandardServer.await A valid shutdown command was received via the shutdown port. Stopping the Server instance.
11-Dec-2015 01:15:54.758 INFO [main] org.apache.coyote.AbstractProtocol.pause Pausing ProtocolHandler ["http-nio-9075"]
11-Dec-2015 01:15:54.813 INFO [main] org.apache.coyote.AbstractProtocol.pause Pausing ProtocolHandler ["ajp-nio-8009"]
11-Dec-2015 01:15:54.814 INFO [main] org.apache.catalina.core.StandardService.stopInternal Stopping service Catalina
11-Dec-2015 01:15:54.854 INFO [main] org.apache.coyote.AbstractProtocol.stop Stopping ProtocolHandler ["http-nio-9075"]
11-Dec-2015 01:15:54.858 INFO [main] org.apache.coyote.AbstractProtocol.destroy Destroying ProtocolHandler ["http-nio-9075"]
11-Dec-2015 01:15:54.859 INFO [main] org.apache.coyote.AbstractProtocol.stop Stopping ProtocolHandler ["ajp-nio-8009"]
11-Dec-2015 01:15:54.859 INFO [main] org.apache.coyote.AbstractProtocol.destroy Destroying ProtocolHandler ["ajp-nio-8009"]
11-Dec-2015 01:16:07.849 INFO [main] org.apache.catalina.startup.VersionLoggerListener.log Server version:        Apache Tomcat/9.0.0.M1
11-Dec-2015 01:16:07.851 INFO [main] org.apache.catalina.startup.VersionLoggerListener.log Server built:          Nov 12 2015 22:05:52 UTC
11-Dec-2015 01:16:07.851 INFO [main] org.apache.catalina.startup.VersionLoggerListener.log Server number:         9.0.0.0
11-Dec-2015 01:16:07.851 INFO [main] org.apache.catalina.startup.VersionLoggerListener.log OS Name:               Linux
11-Dec-2015 01:16:07.851 INFO [main] org.apache.catalina.startup.VersionLoggerListener.log OS Version:            3.15.10
11-Dec-2015 01:16:07.851 INFO [main] org.apache.catalina.startup.VersionLoggerListener.log Architecture:          amd64
11-Dec-2015 01:16:07.851 INFO [main] org.apache.catalina.startup.VersionLoggerListener.log Java Home:             /usr/opt/oracle-jdk-bin-1.8.0.25/jre
11-Dec-2015 01:16:07.852 INFO [main] org.apache.catalina.startup.VersionLoggerListener.log JVM Version:           1.8.0_25-b17
11-Dec-2015 01:16:07.852 INFO [main] org.apache.catalina.startup.VersionLoggerListener.log JVM Vendor:            Oracle Corporation
11-Dec-2015 01:16:07.852 INFO [main] org.apache.catalina.startup.VersionLoggerListener.log CATALINA_BASE:         /home/blitz-wiki/Blitz/Server/javapic/apache-tomcat-9.0.0.M1
11-Dec-2015 01:16:07.852 INFO [main] org.apache.catalina.startup.VersionLoggerListener.log CATALINA_HOME:         /home/blitz-wiki/Blitz/Server/javapic/apache-tomcat-9.0.0.M1
11-Dec-2015 01:16:07.853 INFO [main] org.apache.catalina.startup.VersionLoggerListener.log Command line argument: -Djava.util.logging.config.file=/homes/blitz-wiki/Blitz/Server/javapic/apache-tomcat-9.0.0.M1/conf/logging.properties
11-Dec-2015 01:16:07.853 INFO [main] org.apache.catalina.startup.VersionLoggerListener.log Command line argument: -Djava.util.logging.manager=org.apache.juli.ClassLoaderLogManager
11-Dec-2015 01:16:07.853 INFO [main] org.apache.catalina.startup.VersionLoggerListener.log Command line argument: -Dcatalina.base=/homes/blitz-wiki/Blitz/Server/javapic/apache-tomcat-9.0.0.M1
11-Dec-2015 01:16:07.853 INFO [main] org.apache.catalina.startup.VersionLoggerListener.log Command line argument: -Dcatalina.home=/homes/blitz-wiki/Blitz/Server/javapic/apache-tomcat-9.0.0.M1
11-Dec-2015 01:16:07.853 INFO [main] org.apache.catalina.startup.VersionLoggerListener.log Command line argument: -Djava.io.tmpdir=/homes/blitz-wiki/Blitz/Server/javapic/apache-tomcat-9.0.0.M1/temp
11-Dec-2015 01:16:07.853 INFO [main] org.apache.catalina.core.AprLifecycleListener.lifecycleEvent The APR based Apache Tomcat Native library which allows optimal performance in production environments was not found on the java.library.path: /usr/java/packages/lib/amd64:/usr/lib64:/lib64:/lib:/usr/lib
11-Dec-2015 01:16:08.027 INFO [main] org.apache.coyote.AbstractProtocol.init Initializing ProtocolHandler ["http-nio-9075"]
11-Dec-2015 01:16:08.050 INFO [main] org.apache.tomcat.util.net.NioSelectorPool.getSharedSelector Using a shared selector for servlet write/read
11-Dec-2015 01:16:08.053 INFO [main] org.apache.coyote.AbstractProtocol.init Initializing ProtocolHandler ["ajp-nio-8009"]
11-Dec-2015 01:16:08.055 SEVERE [main] org.apache.coyote.AbstractProtocol.init Failed to initialize end point associated with ProtocolHandler ["ajp-nio-8009"]
 java.net.BindException: Address already in use
	at sun.nio.ch.Net.bind0(Native Method)
	at sun.nio.ch.Net.bind(Net.java:436)
	at sun.nio.ch.Net.bind(Net.java:428)
	at sun.nio.ch.ServerSocketChannelImpl.bind(ServerSocketChannelImpl.java:214)
	at sun.nio.ch.ServerSocketAdaptor.bind(ServerSocketAdaptor.java:74)
	at org.apache.tomcat.util.net.NioEndpoint.bind(NioEndpoint.java:245)
	at org.apache.tomcat.util.net.AbstractEndpoint.init(AbstractEndpoint.java:790)
	at org.apache.coyote.AbstractProtocol.init(AbstractProtocol.java:544)
	at org.apache.catalina.connector.Connector.initInternal(Connector.java:978)
	at org.apache.catalina.util.LifecycleBase.init(LifecycleBase.java:107)
	at org.apache.catalina.core.StandardService.initInternal(StandardService.java:569)
	at org.apache.catalina.util.LifecycleBase.init(LifecycleBase.java:107)
	at org.apache.catalina.core.StandardServer.initInternal(StandardServer.java:851)
	at org.apache.catalina.util.LifecycleBase.init(LifecycleBase.java:107)
	at org.apache.catalina.startup.Catalina.load(Catalina.java:600)
	at org.apache.catalina.startup.Catalina.load(Catalina.java:623)
	at sun.reflect.NativeMethodAccessorImpl.invoke0(Native Method)
	at sun.reflect.NativeMethodAccessorImpl.invoke(NativeMethodAccessorImpl.java:62)
	at sun.reflect.DelegatingMethodAccessorImpl.invoke(DelegatingMethodAccessorImpl.java:43)
	at java.lang.reflect.Method.invoke(Method.java:483)
	at org.apache.catalina.startup.Bootstrap.load(Bootstrap.java:310)
	at org.apache.catalina.startup.Bootstrap.main(Bootstrap.java:484)

11-Dec-2015 01:16:08.058 SEVERE [main] org.apache.catalina.core.StandardService.initInternal Failed to initialize connector [Connector[AJP/1.3-8009]]
 org.apache.catalina.LifecycleException: Failed to initialize component [Connector[AJP/1.3-8009]]
	at org.apache.catalina.util.LifecycleBase.init(LifecycleBase.java:112)
	at org.apache.catalina.core.StandardService.initInternal(StandardService.java:569)
	at org.apache.catalina.util.LifecycleBase.init(LifecycleBase.java:107)
	at org.apache.catalina.core.StandardServer.initInternal(StandardServer.java:851)
	at org.apache.catalina.util.LifecycleBase.init(LifecycleBase.java:107)
	at org.apache.catalina.startup.Catalina.load(Catalina.java:600)
	at org.apache.catalina.startup.Catalina.load(Catalina.java:623)
	at sun.reflect.NativeMethodAccessorImpl.invoke0(Native Method)
	at sun.reflect.NativeMethodAccessorImpl.invoke(NativeMethodAccessorImpl.java:62)
	at sun.reflect.DelegatingMethodAccessorImpl.invoke(DelegatingMethodAccessorImpl.java:43)
	at java.lang.reflect.Method.invoke(Method.java:483)
	at org.apache.catalina.startup.Bootstrap.load(Bootstrap.java:310)
	at org.apache.catalina.startup.Bootstrap.main(Bootstrap.java:484)
Caused by: org.apache.catalina.LifecycleException: Protocol handler initialization failed
	at org.apache.catalina.connector.Connector.initInternal(Connector.java:982)
	at org.apache.catalina.util.LifecycleBase.init(LifecycleBase.java:107)
	... 12 more
Caused by: java.net.BindException: Address already in use
	at sun.nio.ch.Net.bind0(Native Method)
	at sun.nio.ch.Net.bind(Net.java:436)
	at sun.nio.ch.Net.bind(Net.java:428)
	at sun.nio.ch.ServerSocketChannelImpl.bind(ServerSocketChannelImpl.java:214)
	at sun.nio.ch.ServerSocketAdaptor.bind(ServerSocketAdaptor.java:74)
	at org.apache.tomcat.util.net.NioEndpoint.bind(NioEndpoint.java:245)
	at org.apache.tomcat.util.net.AbstractEndpoint.init(AbstractEndpoint.java:790)
	at org.apache.coyote.AbstractProtocol.init(AbstractProtocol.java:544)
	at org.apache.catalina.connector.Connector.initInternal(Connector.java:978)
	... 13 more

11-Dec-2015 01:16:08.059 INFO [main] org.apache.catalina.startup.Catalina.load Initialization processed in 677 ms
11-Dec-2015 01:16:08.089 INFO [main] org.apache.catalina.core.StandardService.startInternal Starting service Catalina
11-Dec-2015 01:16:08.089 INFO [main] org.apache.catalina.core.StandardEngine.startInternal Starting Servlet Engine: Apache Tomcat/9.0.0.M1
11-Dec-2015 01:16:08.117 INFO [localhost-startStop-1] org.apache.catalina.startup.HostConfig.deployDirectory Deploying web application directory /home/blitz-wiki/Blitz/Server/javapic/apache-tomcat-9.0.0.M1/webapps/host-manager
11-Dec-2015 01:16:08.489 INFO [localhost-startStop-1] org.apache.catalina.startup.HostConfig.deployDirectory Deployment of web application directory /home/blitz-wiki/Blitz/Server/javapic/apache-tomcat-9.0.0.M1/webapps/host-manager has finished in 372 ms
11-Dec-2015 01:16:08.489 INFO [localhost-startStop-1] org.apache.catalina.startup.HostConfig.deployDirectory Deploying web application directory /home/blitz-wiki/Blitz/Server/javapic/apache-tomcat-9.0.0.M1/webapps/examples
11-Dec-2015 01:16:08.793 INFO [localhost-startStop-1] org.apache.catalina.startup.HostConfig.deployDirectory Deployment of web application directory /home/blitz-wiki/Blitz/Server/javapic/apache-tomcat-9.0.0.M1/webapps/examples has finished in 303 ms
11-Dec-2015 01:16:08.793 INFO [localhost-startStop-1] org.apache.catalina.startup.HostConfig.deployDirectory Deploying web application directory /home/blitz-wiki/Blitz/Server/javapic/apache-tomcat-9.0.0.M1/webapps/manager
11-Dec-2015 01:16:08.830 INFO [localhost-startStop-1] org.apache.catalina.startup.HostConfig.deployDirectory Deployment of web application directory /home/blitz-wiki/Blitz/Server/javapic/apache-tomcat-9.0.0.M1/webapps/manager has finished in 37 ms
11-Dec-2015 01:16:08.830 INFO [localhost-startStop-1] org.apache.catalina.startup.HostConfig.deployDirectory Deploying web application directory /home/blitz-wiki/Blitz/Server/javapic/apache-tomcat-9.0.0.M1/webapps/docs
11-Dec-2015 01:16:08.854 INFO [localhost-startStop-1] org.apache.catalina.startup.HostConfig.deployDirectory Deployment of web application directory /home/blitz-wiki/Blitz/Server/javapic/apache-tomcat-9.0.0.M1/webapps/docs has finished in 24 ms
11-Dec-2015 01:16:08.855 INFO [localhost-startStop-1] org.apache.catalina.startup.HostConfig.deployDirectory Deploying web application directory /home/blitz-wiki/Blitz/Server/javapic/apache-tomcat-9.0.0.M1/webapps/ROOT
11-Dec-2015 01:16:08.876 INFO [localhost-startStop-1] org.apache.catalina.startup.HostConfig.deployDirectory Deployment of web application directory /home/blitz-wiki/Blitz/Server/javapic/apache-tomcat-9.0.0.M1/webapps/ROOT has finished in 21 ms
11-Dec-2015 01:16:08.876 INFO [localhost-startStop-1] org.apache.catalina.startup.HostConfig.deployDirectory Deploying web application directory /home/blitz-wiki/Blitz/Server/javapic/apache-tomcat-9.0.0.M1/webapps/UploadFileServlet
11-Dec-2015 01:16:08.934 INFO [localhost-startStop-1] org.apache.catalina.startup.HostConfig.deployDirectory Deployment of web application directory /home/blitz-wiki/Blitz/Server/javapic/apache-tomcat-9.0.0.M1/webapps/UploadFileServlet has finished in 58 ms
11-Dec-2015 01:16:08.938 INFO [main] org.apache.coyote.AbstractProtocol.start Starting ProtocolHandler [http-nio-9075]
11-Dec-2015 01:16:08.947 INFO [main] org.apache.catalina.startup.Catalina.start Server startup in 888 ms
11-Dec-2015 01:28:19.041 INFO [ContainerBackgroundProcessor[StandardEngine[Catalina]]] org.apache.catalina.startup.HostConfig.reload Reloading context [/UploadFileServlet]
11-Dec-2015 01:28:19.042 INFO [ContainerBackgroundProcessor[StandardEngine[Catalina]]] org.apache.catalina.core.StandardContext.reload Reloading Context with name [/UploadFileServlet] has started
11-Dec-2015 01:28:19.101 INFO [ContainerBackgroundProcessor[StandardEngine[Catalina]]] org.apache.catalina.core.StandardContext.reload Reloading Context with name [/UploadFileServlet] is completed
11-Dec-2015 01:28:22.668 INFO [main] org.apache.catalina.core.StandardServer.await A valid shutdown command was received via the shutdown port. Stopping the Server instance.
11-Dec-2015 01:28:22.669 INFO [main] org.apache.coyote.AbstractProtocol.pause Pausing ProtocolHandler ["http-nio-9075"]
11-Dec-2015 01:28:22.723 INFO [main] org.apache.coyote.AbstractProtocol.pause Pausing ProtocolHandler ["ajp-nio-8009"]
11-Dec-2015 01:28:22.723 INFO [main] org.apache.catalina.core.StandardService.stopInternal Stopping service Catalina
11-Dec-2015 01:28:22.773 INFO [main] org.apache.coyote.AbstractProtocol.stop Stopping ProtocolHandler ["http-nio-9075"]
11-Dec-2015 01:28:22.782 INFO [main] org.apache.coyote.AbstractProtocol.destroy Destroying ProtocolHandler ["http-nio-9075"]
11-Dec-2015 01:28:22.784 INFO [main] org.apache.coyote.AbstractProtocol.stop Stopping ProtocolHandler ["ajp-nio-8009"]
11-Dec-2015 01:28:22.784 INFO [main] org.apache.coyote.AbstractProtocol.destroy Destroying ProtocolHandler ["ajp-nio-8009"]
11-Dec-2015 01:28:31.357 INFO [main] org.apache.catalina.startup.VersionLoggerListener.log Server version:        Apache Tomcat/9.0.0.M1
11-Dec-2015 01:28:31.359 INFO [main] org.apache.catalina.startup.VersionLoggerListener.log Server built:          Nov 12 2015 22:05:52 UTC
11-Dec-2015 01:28:31.359 INFO [main] org.apache.catalina.startup.VersionLoggerListener.log Server number:         9.0.0.0
11-Dec-2015 01:28:31.359 INFO [main] org.apache.catalina.startup.VersionLoggerListener.log OS Name:               Linux
11-Dec-2015 01:28:31.359 INFO [main] org.apache.catalina.startup.VersionLoggerListener.log OS Version:            3.15.10
11-Dec-2015 01:28:31.359 INFO [main] org.apache.catalina.startup.VersionLoggerListener.log Architecture:          amd64
11-Dec-2015 01:28:31.359 INFO [main] org.apache.catalina.startup.VersionLoggerListener.log Java Home:             /usr/opt/oracle-jdk-bin-1.8.0.25/jre
11-Dec-2015 01:28:31.360 INFO [main] org.apache.catalina.startup.VersionLoggerListener.log JVM Version:           1.8.0_25-b17
11-Dec-2015 01:28:31.360 INFO [main] org.apache.catalina.startup.VersionLoggerListener.log JVM Vendor:            Oracle Corporation
11-Dec-2015 01:28:31.360 INFO [main] org.apache.catalina.startup.VersionLoggerListener.log CATALINA_BASE:         /home/blitz-wiki/Blitz/Server/javapic/apache-tomcat-9.0.0.M1
11-Dec-2015 01:28:31.360 INFO [main] org.apache.catalina.startup.VersionLoggerListener.log CATALINA_HOME:         /home/blitz-wiki/Blitz/Server/javapic/apache-tomcat-9.0.0.M1
11-Dec-2015 01:28:31.361 INFO [main] org.apache.catalina.startup.VersionLoggerListener.log Command line argument: -Djava.util.logging.config.file=/homes/blitz-wiki/Blitz/Server/javapic/apache-tomcat-9.0.0.M1/conf/logging.properties
11-Dec-2015 01:28:31.361 INFO [main] org.apache.catalina.startup.VersionLoggerListener.log Command line argument: -Djava.util.logging.manager=org.apache.juli.ClassLoaderLogManager
11-Dec-2015 01:28:31.361 INFO [main] org.apache.catalina.startup.VersionLoggerListener.log Command line argument: -Dcatalina.base=/homes/blitz-wiki/Blitz/Server/javapic/apache-tomcat-9.0.0.M1
11-Dec-2015 01:28:31.361 INFO [main] org.apache.catalina.startup.VersionLoggerListener.log Command line argument: -Dcatalina.home=/homes/blitz-wiki/Blitz/Server/javapic/apache-tomcat-9.0.0.M1
11-Dec-2015 01:28:31.361 INFO [main] org.apache.catalina.startup.VersionLoggerListener.log Command line argument: -Djava.io.tmpdir=/homes/blitz-wiki/Blitz/Server/javapic/apache-tomcat-9.0.0.M1/temp
11-Dec-2015 01:28:31.361 INFO [main] org.apache.catalina.core.AprLifecycleListener.lifecycleEvent The APR based Apache Tomcat Native library which allows optimal performance in production environments was not found on the java.library.path: /usr/java/packages/lib/amd64:/usr/lib64:/lib64:/lib:/usr/lib
11-Dec-2015 01:28:31.531 INFO [main] org.apache.coyote.AbstractProtocol.init Initializing ProtocolHandler ["http-nio-9075"]
11-Dec-2015 01:28:31.551 INFO [main] org.apache.tomcat.util.net.NioSelectorPool.getSharedSelector Using a shared selector for servlet write/read
11-Dec-2015 01:28:31.554 INFO [main] org.apache.coyote.AbstractProtocol.init Initializing ProtocolHandler ["ajp-nio-8009"]
11-Dec-2015 01:28:31.556 SEVERE [main] org.apache.coyote.AbstractProtocol.init Failed to initialize end point associated with ProtocolHandler ["ajp-nio-8009"]
 java.net.BindException: Address already in use
	at sun.nio.ch.Net.bind0(Native Method)
	at sun.nio.ch.Net.bind(Net.java:436)
	at sun.nio.ch.Net.bind(Net.java:428)
	at sun.nio.ch.ServerSocketChannelImpl.bind(ServerSocketChannelImpl.java:214)
	at sun.nio.ch.ServerSocketAdaptor.bind(ServerSocketAdaptor.java:74)
	at org.apache.tomcat.util.net.NioEndpoint.bind(NioEndpoint.java:245)
	at org.apache.tomcat.util.net.AbstractEndpoint.init(AbstractEndpoint.java:790)
	at org.apache.coyote.AbstractProtocol.init(AbstractProtocol.java:544)
	at org.apache.catalina.connector.Connector.initInternal(Connector.java:978)
	at org.apache.catalina.util.LifecycleBase.init(LifecycleBase.java:107)
	at org.apache.catalina.core.StandardService.initInternal(StandardService.java:569)
	at org.apache.catalina.util.LifecycleBase.init(LifecycleBase.java:107)
	at org.apache.catalina.core.StandardServer.initInternal(StandardServer.java:851)
	at org.apache.catalina.util.LifecycleBase.init(LifecycleBase.java:107)
	at org.apache.catalina.startup.Catalina.load(Catalina.java:600)
	at org.apache.catalina.startup.Catalina.load(Catalina.java:623)
	at sun.reflect.NativeMethodAccessorImpl.invoke0(Native Method)
	at sun.reflect.NativeMethodAccessorImpl.invoke(NativeMethodAccessorImpl.java:62)
	at sun.reflect.DelegatingMethodAccessorImpl.invoke(DelegatingMethodAccessorImpl.java:43)
	at java.lang.reflect.Method.invoke(Method.java:483)
	at org.apache.catalina.startup.Bootstrap.load(Bootstrap.java:310)
	at org.apache.catalina.startup.Bootstrap.main(Bootstrap.java:484)

11-Dec-2015 01:28:31.559 SEVERE [main] org.apache.catalina.core.StandardService.initInternal Failed to initialize connector [Connector[AJP/1.3-8009]]
 org.apache.catalina.LifecycleException: Failed to initialize component [Connector[AJP/1.3-8009]]
	at org.apache.catalina.util.LifecycleBase.init(LifecycleBase.java:112)
	at org.apache.catalina.core.StandardService.initInternal(StandardService.java:569)
	at org.apache.catalina.util.LifecycleBase.init(LifecycleBase.java:107)
	at org.apache.catalina.core.StandardServer.initInternal(StandardServer.java:851)
	at org.apache.catalina.util.LifecycleBase.init(LifecycleBase.java:107)
	at org.apache.catalina.startup.Catalina.load(Catalina.java:600)
	at org.apache.catalina.startup.Catalina.load(Catalina.java:623)
	at sun.reflect.NativeMethodAccessorImpl.invoke0(Native Method)
	at sun.reflect.NativeMethodAccessorImpl.invoke(NativeMethodAccessorImpl.java:62)
	at sun.reflect.DelegatingMethodAccessorImpl.invoke(DelegatingMethodAccessorImpl.java:43)
	at java.lang.reflect.Method.invoke(Method.java:483)
	at org.apache.catalina.startup.Bootstrap.load(Bootstrap.java:310)
	at org.apache.catalina.startup.Bootstrap.main(Bootstrap.java:484)
Caused by: org.apache.catalina.LifecycleException: Protocol handler initialization failed
	at org.apache.catalina.connector.Connector.initInternal(Connector.java:982)
	at org.apache.catalina.util.LifecycleBase.init(LifecycleBase.java:107)
	... 12 more
Caused by: java.net.BindException: Address already in use
	at sun.nio.ch.Net.bind0(Native Method)
	at sun.nio.ch.Net.bind(Net.java:436)
	at sun.nio.ch.Net.bind(Net.java:428)
	at sun.nio.ch.ServerSocketChannelImpl.bind(ServerSocketChannelImpl.java:214)
	at sun.nio.ch.ServerSocketAdaptor.bind(ServerSocketAdaptor.java:74)
	at org.apache.tomcat.util.net.NioEndpoint.bind(NioEndpoint.java:245)
	at org.apache.tomcat.util.net.AbstractEndpoint.init(AbstractEndpoint.java:790)
	at org.apache.coyote.AbstractProtocol.init(AbstractProtocol.java:544)
	at org.apache.catalina.connector.Connector.initInternal(Connector.java:978)
	... 13 more

11-Dec-2015 01:28:31.559 INFO [main] org.apache.catalina.startup.Catalina.load Initialization processed in 681 ms
11-Dec-2015 01:28:31.588 INFO [main] org.apache.catalina.core.StandardService.startInternal Starting service Catalina
11-Dec-2015 01:28:31.589 INFO [main] org.apache.catalina.core.StandardEngine.startInternal Starting Servlet Engine: Apache Tomcat/9.0.0.M1
11-Dec-2015 01:28:31.615 INFO [localhost-startStop-1] org.apache.catalina.startup.HostConfig.deployDirectory Deploying web application directory /home/blitz-wiki/Blitz/Server/javapic/apache-tomcat-9.0.0.M1/webapps/host-manager
11-Dec-2015 01:28:31.981 INFO [localhost-startStop-1] org.apache.catalina.startup.HostConfig.deployDirectory Deployment of web application directory /home/blitz-wiki/Blitz/Server/javapic/apache-tomcat-9.0.0.M1/webapps/host-manager has finished in 366 ms
11-Dec-2015 01:28:31.981 INFO [localhost-startStop-1] org.apache.catalina.startup.HostConfig.deployDirectory Deploying web application directory /home/blitz-wiki/Blitz/Server/javapic/apache-tomcat-9.0.0.M1/webapps/examples
11-Dec-2015 01:28:32.281 INFO [localhost-startStop-1] org.apache.catalina.startup.HostConfig.deployDirectory Deployment of web application directory /home/blitz-wiki/Blitz/Server/javapic/apache-tomcat-9.0.0.M1/webapps/examples has finished in 300 ms
11-Dec-2015 01:28:32.282 INFO [localhost-startStop-1] org.apache.catalina.startup.HostConfig.deployDirectory Deploying web application directory /home/blitz-wiki/Blitz/Server/javapic/apache-tomcat-9.0.0.M1/webapps/manager
11-Dec-2015 01:28:32.327 INFO [localhost-startStop-1] org.apache.catalina.startup.HostConfig.deployDirectory Deployment of web application directory /home/blitz-wiki/Blitz/Server/javapic/apache-tomcat-9.0.0.M1/webapps/manager has finished in 45 ms
11-Dec-2015 01:28:32.327 INFO [localhost-startStop-1] org.apache.catalina.startup.HostConfig.deployDirectory Deploying web application directory /home/blitz-wiki/Blitz/Server/javapic/apache-tomcat-9.0.0.M1/webapps/docs
11-Dec-2015 01:28:32.349 INFO [localhost-startStop-1] org.apache.catalina.startup.HostConfig.deployDirectory Deployment of web application directory /home/blitz-wiki/Blitz/Server/javapic/apache-tomcat-9.0.0.M1/webapps/docs has finished in 22 ms
11-Dec-2015 01:28:32.350 INFO [localhost-startStop-1] org.apache.catalina.startup.HostConfig.deployDirectory Deploying web application directory /home/blitz-wiki/Blitz/Server/javapic/apache-tomcat-9.0.0.M1/webapps/ROOT
11-Dec-2015 01:28:32.371 INFO [localhost-startStop-1] org.apache.catalina.startup.HostConfig.deployDirectory Deployment of web application directory /home/blitz-wiki/Blitz/Server/javapic/apache-tomcat-9.0.0.M1/webapps/ROOT has finished in 21 ms
11-Dec-2015 01:28:32.371 INFO [localhost-startStop-1] org.apache.catalina.startup.HostConfig.deployDirectory Deploying web application directory /home/blitz-wiki/Blitz/Server/javapic/apache-tomcat-9.0.0.M1/webapps/UploadFileServlet
11-Dec-2015 01:28:32.427 INFO [localhost-startStop-1] org.apache.catalina.startup.HostConfig.deployDirectory Deployment of web application directory /home/blitz-wiki/Blitz/Server/javapic/apache-tomcat-9.0.0.M1/webapps/UploadFileServlet has finished in 56 ms
11-Dec-2015 01:28:32.433 INFO [main] org.apache.coyote.AbstractProtocol.start Starting ProtocolHandler [http-nio-9075]
11-Dec-2015 01:28:32.443 INFO [main] org.apache.catalina.startup.Catalina.start Server startup in 882 ms
11-Dec-2015 01:28:54.097 INFO [main] org.apache.catalina.core.StandardServer.await A valid shutdown command was received via the shutdown port. Stopping the Server instance.
11-Dec-2015 01:28:54.098 INFO [main] org.apache.coyote.AbstractProtocol.pause Pausing ProtocolHandler ["http-nio-9075"]
11-Dec-2015 01:28:54.151 INFO [main] org.apache.coyote.AbstractProtocol.pause Pausing ProtocolHandler ["ajp-nio-8009"]
11-Dec-2015 01:28:54.152 INFO [main] org.apache.catalina.core.StandardService.stopInternal Stopping service Catalina
11-Dec-2015 01:28:54.194 INFO [main] org.apache.coyote.AbstractProtocol.stop Stopping ProtocolHandler ["http-nio-9075"]
11-Dec-2015 01:28:54.197 INFO [main] org.apache.coyote.AbstractProtocol.destroy Destroying ProtocolHandler ["http-nio-9075"]
11-Dec-2015 01:28:54.198 INFO [main] org.apache.coyote.AbstractProtocol.stop Stopping ProtocolHandler ["ajp-nio-8009"]
11-Dec-2015 01:28:54.199 INFO [main] org.apache.coyote.AbstractProtocol.destroy Destroying ProtocolHandler ["ajp-nio-8009"]
11-Dec-2015 01:28:56.416 INFO [main] org.apache.catalina.startup.VersionLoggerListener.log Server version:        Apache Tomcat/9.0.0.M1
11-Dec-2015 01:28:56.418 INFO [main] org.apache.catalina.startup.VersionLoggerListener.log Server built:          Nov 12 2015 22:05:52 UTC
11-Dec-2015 01:28:56.418 INFO [main] org.apache.catalina.startup.VersionLoggerListener.log Server number:         9.0.0.0
11-Dec-2015 01:28:56.418 INFO [main] org.apache.catalina.startup.VersionLoggerListener.log OS Name:               Linux
11-Dec-2015 01:28:56.418 INFO [main] org.apache.catalina.startup.VersionLoggerListener.log OS Version:            3.15.10
11-Dec-2015 01:28:56.419 INFO [main] org.apache.catalina.startup.VersionLoggerListener.log Architecture:          amd64
11-Dec-2015 01:28:56.419 INFO [main] org.apache.catalina.startup.VersionLoggerListener.log Java Home:             /usr/opt/oracle-jdk-bin-1.8.0.25/jre
11-Dec-2015 01:28:56.419 INFO [main] org.apache.catalina.startup.VersionLoggerListener.log JVM Version:           1.8.0_25-b17
11-Dec-2015 01:28:56.419 INFO [main] org.apache.catalina.startup.VersionLoggerListener.log JVM Vendor:            Oracle Corporation
11-Dec-2015 01:28:56.419 INFO [main] org.apache.catalina.startup.VersionLoggerListener.log CATALINA_BASE:         /home/blitz-wiki/Blitz/Server/javapic/apache-tomcat-9.0.0.M1
11-Dec-2015 01:28:56.419 INFO [main] org.apache.catalina.startup.VersionLoggerListener.log CATALINA_HOME:         /home/blitz-wiki/Blitz/Server/javapic/apache-tomcat-9.0.0.M1
11-Dec-2015 01:28:56.420 INFO [main] org.apache.catalina.startup.VersionLoggerListener.log Command line argument: -Djava.util.logging.config.file=/homes/blitz-wiki/Blitz/Server/javapic/apache-tomcat-9.0.0.M1/conf/logging.properties
11-Dec-2015 01:28:56.420 INFO [main] org.apache.catalina.startup.VersionLoggerListener.log Command line argument: -Djava.util.logging.manager=org.apache.juli.ClassLoaderLogManager
11-Dec-2015 01:28:56.420 INFO [main] org.apache.catalina.startup.VersionLoggerListener.log Command line argument: -Dcatalina.base=/homes/blitz-wiki/Blitz/Server/javapic/apache-tomcat-9.0.0.M1
11-Dec-2015 01:28:56.420 INFO [main] org.apache.catalina.startup.VersionLoggerListener.log Command line argument: -Dcatalina.home=/homes/blitz-wiki/Blitz/Server/javapic/apache-tomcat-9.0.0.M1
11-Dec-2015 01:28:56.420 INFO [main] org.apache.catalina.startup.VersionLoggerListener.log Command line argument: -Djava.io.tmpdir=/homes/blitz-wiki/Blitz/Server/javapic/apache-tomcat-9.0.0.M1/temp
11-Dec-2015 01:28:56.421 INFO [main] org.apache.catalina.core.AprLifecycleListener.lifecycleEvent The APR based Apache Tomcat Native library which allows optimal performance in production environments was not found on the java.library.path: /usr/java/packages/lib/amd64:/usr/lib64:/lib64:/lib:/usr/lib
11-Dec-2015 01:28:56.590 INFO [main] org.apache.coyote.AbstractProtocol.init Initializing ProtocolHandler ["http-nio-9075"]
11-Dec-2015 01:28:56.611 INFO [main] org.apache.tomcat.util.net.NioSelectorPool.getSharedSelector Using a shared selector for servlet write/read
11-Dec-2015 01:28:56.615 INFO [main] org.apache.coyote.AbstractProtocol.init Initializing ProtocolHandler ["ajp-nio-8009"]
11-Dec-2015 01:28:56.617 SEVERE [main] org.apache.coyote.AbstractProtocol.init Failed to initialize end point associated with ProtocolHandler ["ajp-nio-8009"]
 java.net.BindException: Address already in use
	at sun.nio.ch.Net.bind0(Native Method)
	at sun.nio.ch.Net.bind(Net.java:436)
	at sun.nio.ch.Net.bind(Net.java:428)
	at sun.nio.ch.ServerSocketChannelImpl.bind(ServerSocketChannelImpl.java:214)
	at sun.nio.ch.ServerSocketAdaptor.bind(ServerSocketAdaptor.java:74)
	at org.apache.tomcat.util.net.NioEndpoint.bind(NioEndpoint.java:245)
	at org.apache.tomcat.util.net.AbstractEndpoint.init(AbstractEndpoint.java:790)
	at org.apache.coyote.AbstractProtocol.init(AbstractProtocol.java:544)
	at org.apache.catalina.connector.Connector.initInternal(Connector.java:978)
	at org.apache.catalina.util.LifecycleBase.init(LifecycleBase.java:107)
	at org.apache.catalina.core.StandardService.initInternal(StandardService.java:569)
	at org.apache.catalina.util.LifecycleBase.init(LifecycleBase.java:107)
	at org.apache.catalina.core.StandardServer.initInternal(StandardServer.java:851)
	at org.apache.catalina.util.LifecycleBase.init(LifecycleBase.java:107)
	at org.apache.catalina.startup.Catalina.load(Catalina.java:600)
	at org.apache.catalina.startup.Catalina.load(Catalina.java:623)
	at sun.reflect.NativeMethodAccessorImpl.invoke0(Native Method)
	at sun.reflect.NativeMethodAccessorImpl.invoke(NativeMethodAccessorImpl.java:62)
	at sun.reflect.DelegatingMethodAccessorImpl.invoke(DelegatingMethodAccessorImpl.java:43)
	at java.lang.reflect.Method.invoke(Method.java:483)
	at org.apache.catalina.startup.Bootstrap.load(Bootstrap.java:310)
	at org.apache.catalina.startup.Bootstrap.main(Bootstrap.java:484)

11-Dec-2015 01:28:56.619 SEVERE [main] org.apache.catalina.core.StandardService.initInternal Failed to initialize connector [Connector[AJP/1.3-8009]]
 org.apache.catalina.LifecycleException: Failed to initialize component [Connector[AJP/1.3-8009]]
	at org.apache.catalina.util.LifecycleBase.init(LifecycleBase.java:112)
	at org.apache.catalina.core.StandardService.initInternal(StandardService.java:569)
	at org.apache.catalina.util.LifecycleBase.init(LifecycleBase.java:107)
	at org.apache.catalina.core.StandardServer.initInternal(StandardServer.java:851)
	at org.apache.catalina.util.LifecycleBase.init(LifecycleBase.java:107)
	at org.apache.catalina.startup.Catalina.load(Catalina.java:600)
	at org.apache.catalina.startup.Catalina.load(Catalina.java:623)
	at sun.reflect.NativeMethodAccessorImpl.invoke0(Native Method)
	at sun.reflect.NativeMethodAccessorImpl.invoke(NativeMethodAccessorImpl.java:62)
	at sun.reflect.DelegatingMethodAccessorImpl.invoke(DelegatingMethodAccessorImpl.java:43)
	at java.lang.reflect.Method.invoke(Method.java:483)
	at org.apache.catalina.startup.Bootstrap.load(Bootstrap.java:310)
	at org.apache.catalina.startup.Bootstrap.main(Bootstrap.java:484)
Caused by: org.apache.catalina.LifecycleException: Protocol handler initialization failed
	at org.apache.catalina.connector.Connector.initInternal(Connector.java:982)
	at org.apache.catalina.util.LifecycleBase.init(LifecycleBase.java:107)
	... 12 more
Caused by: java.net.BindException: Address already in use
	at sun.nio.ch.Net.bind0(Native Method)
	at sun.nio.ch.Net.bind(Net.java:436)
	at sun.nio.ch.Net.bind(Net.java:428)
	at sun.nio.ch.ServerSocketChannelImpl.bind(ServerSocketChannelImpl.java:214)
	at sun.nio.ch.ServerSocketAdaptor.bind(ServerSocketAdaptor.java:74)
	at org.apache.tomcat.util.net.NioEndpoint.bind(NioEndpoint.java:245)
	at org.apache.tomcat.util.net.AbstractEndpoint.init(AbstractEndpoint.java:790)
	at org.apache.coyote.AbstractProtocol.init(AbstractProtocol.java:544)
	at org.apache.catalina.connector.Connector.initInternal(Connector.java:978)
	... 13 more

11-Dec-2015 01:28:56.620 INFO [main] org.apache.catalina.startup.Catalina.load Initialization processed in 675 ms
11-Dec-2015 01:28:56.649 INFO [main] org.apache.catalina.core.StandardService.startInternal Starting service Catalina
11-Dec-2015 01:28:56.649 INFO [main] org.apache.catalina.core.StandardEngine.startInternal Starting Servlet Engine: Apache Tomcat/9.0.0.M1
11-Dec-2015 01:28:56.676 INFO [localhost-startStop-1] org.apache.catalina.startup.HostConfig.deployDirectory Deploying web application directory /home/blitz-wiki/Blitz/Server/javapic/apache-tomcat-9.0.0.M1/webapps/host-manager
11-Dec-2015 01:28:57.053 INFO [localhost-startStop-1] org.apache.catalina.startup.HostConfig.deployDirectory Deployment of web application directory /home/blitz-wiki/Blitz/Server/javapic/apache-tomcat-9.0.0.M1/webapps/host-manager has finished in 376 ms
11-Dec-2015 01:28:57.054 INFO [localhost-startStop-1] org.apache.catalina.startup.HostConfig.deployDirectory Deploying web application directory /home/blitz-wiki/Blitz/Server/javapic/apache-tomcat-9.0.0.M1/webapps/examples
11-Dec-2015 01:28:57.375 INFO [localhost-startStop-1] org.apache.catalina.startup.HostConfig.deployDirectory Deployment of web application directory /home/blitz-wiki/Blitz/Server/javapic/apache-tomcat-9.0.0.M1/webapps/examples has finished in 320 ms
11-Dec-2015 01:28:57.375 INFO [localhost-startStop-1] org.apache.catalina.startup.HostConfig.deployDirectory Deploying web application directory /home/blitz-wiki/Blitz/Server/javapic/apache-tomcat-9.0.0.M1/webapps/manager
11-Dec-2015 01:28:57.425 INFO [localhost-startStop-1] org.apache.catalina.startup.HostConfig.deployDirectory Deployment of web application directory /home/blitz-wiki/Blitz/Server/javapic/apache-tomcat-9.0.0.M1/webapps/manager has finished in 50 ms
11-Dec-2015 01:28:57.426 INFO [localhost-startStop-1] org.apache.catalina.startup.HostConfig.deployDirectory Deploying web application directory /home/blitz-wiki/Blitz/Server/javapic/apache-tomcat-9.0.0.M1/webapps/docs
11-Dec-2015 01:28:57.449 INFO [localhost-startStop-1] org.apache.catalina.startup.HostConfig.deployDirectory Deployment of web application directory /home/blitz-wiki/Blitz/Server/javapic/apache-tomcat-9.0.0.M1/webapps/docs has finished in 22 ms
11-Dec-2015 01:28:57.449 INFO [localhost-startStop-1] org.apache.catalina.startup.HostConfig.deployDirectory Deploying web application directory /home/blitz-wiki/Blitz/Server/javapic/apache-tomcat-9.0.0.M1/webapps/ROOT
11-Dec-2015 01:28:57.471 INFO [localhost-startStop-1] org.apache.catalina.startup.HostConfig.deployDirectory Deployment of web application directory /home/blitz-wiki/Blitz/Server/javapic/apache-tomcat-9.0.0.M1/webapps/ROOT has finished in 21 ms
11-Dec-2015 01:28:57.471 INFO [localhost-startStop-1] org.apache.catalina.startup.HostConfig.deployDirectory Deploying web application directory /home/blitz-wiki/Blitz/Server/javapic/apache-tomcat-9.0.0.M1/webapps/UploadFileServlet
11-Dec-2015 01:28:57.529 INFO [localhost-startStop-1] org.apache.catalina.startup.HostConfig.deployDirectory Deployment of web application directory /home/blitz-wiki/Blitz/Server/javapic/apache-tomcat-9.0.0.M1/webapps/UploadFileServlet has finished in 57 ms
11-Dec-2015 01:28:57.534 INFO [main] org.apache.coyote.AbstractProtocol.start Starting ProtocolHandler [http-nio-9075]
11-Dec-2015 01:28:57.544 INFO [main] org.apache.catalina.startup.Catalina.start Server startup in 923 ms
