10-Dec-2015 20:45:12.409 INFO [main] org.apache.catalina.startup.VersionLoggerListener.log Server version:        Apache Tomcat/9.0.0.M1
10-Dec-2015 20:45:12.411 INFO [main] org.apache.catalina.startup.VersionLoggerListener.log Server built:          Nov 12 2015 22:05:52 UTC
10-Dec-2015 20:45:12.411 INFO [main] org.apache.catalina.startup.VersionLoggerListener.log Server number:         9.0.0.0
10-Dec-2015 20:45:12.412 INFO [main] org.apache.catalina.startup.VersionLoggerListener.log OS Name:               Linux
10-Dec-2015 20:45:12.412 INFO [main] org.apache.catalina.startup.VersionLoggerListener.log OS Version:            3.15.10
10-Dec-2015 20:45:12.412 INFO [main] org.apache.catalina.startup.VersionLoggerListener.log Architecture:          amd64
10-Dec-2015 20:45:12.412 INFO [main] org.apache.catalina.startup.VersionLoggerListener.log Java Home:             /usr/opt/oracle-jdk-bin-1.8.0.25/jre
10-Dec-2015 20:45:12.412 INFO [main] org.apache.catalina.startup.VersionLoggerListener.log JVM Version:           1.8.0_25-b17
10-Dec-2015 20:45:12.412 INFO [main] org.apache.catalina.startup.VersionLoggerListener.log JVM Vendor:            Oracle Corporation
10-Dec-2015 20:45:12.412 INFO [main] org.apache.catalina.startup.VersionLoggerListener.log CATALINA_BASE:         /home/blitz-wiki/Blitz/Server/javapic/apache-tomcat-9.0.0.M1
10-Dec-2015 20:45:12.412 INFO [main] org.apache.catalina.startup.VersionLoggerListener.log CATALINA_HOME:         /home/blitz-wiki/Blitz/Server/javapic/apache-tomcat-9.0.0.M1
10-Dec-2015 20:45:12.413 INFO [main] org.apache.catalina.startup.VersionLoggerListener.log Command line argument: -Djava.util.logging.config.file=/homes/blitz-wiki/Blitz/Server/javapic/apache-tomcat-9.0.0.M1/conf/logging.properties
10-Dec-2015 20:45:12.413 INFO [main] org.apache.catalina.startup.VersionLoggerListener.log Command line argument: -Djava.util.logging.manager=org.apache.juli.ClassLoaderLogManager
10-Dec-2015 20:45:12.413 INFO [main] org.apache.catalina.startup.VersionLoggerListener.log Command line argument: -Dcatalina.base=/homes/blitz-wiki/Blitz/Server/javapic/apache-tomcat-9.0.0.M1
10-Dec-2015 20:45:12.413 INFO [main] org.apache.catalina.startup.VersionLoggerListener.log Command line argument: -Dcatalina.home=/homes/blitz-wiki/Blitz/Server/javapic/apache-tomcat-9.0.0.M1
10-Dec-2015 20:45:12.414 INFO [main] org.apache.catalina.startup.VersionLoggerListener.log Command line argument: -Djava.io.tmpdir=/homes/blitz-wiki/Blitz/Server/javapic/apache-tomcat-9.0.0.M1/temp
10-Dec-2015 20:45:12.414 INFO [main] org.apache.catalina.core.AprLifecycleListener.lifecycleEvent The APR based Apache Tomcat Native library which allows optimal performance in production environments was not found on the java.library.path: /usr/java/packages/lib/amd64:/usr/lib64:/lib64:/lib:/usr/lib
10-Dec-2015 20:45:12.939 INFO [main] org.apache.coyote.AbstractProtocol.init Initializing ProtocolHandler ["http-nio-8080"]
10-Dec-2015 20:45:12.984 SEVERE [main] org.apache.coyote.AbstractProtocol.init Failed to initialize end point associated with ProtocolHandler ["http-nio-8080"]
 java.net.BindException: Address already in use
	at sun.nio.ch.Net.bind0(Native Method)
	at sun.nio.ch.Net.bind(Net.java:436)
	at sun.nio.ch.Net.bind(Net.java:428)
	at sun.nio.ch.ServerSocketChannelImpl.bind(ServerSocketChannelImpl.java:214)
	at sun.nio.ch.ServerSocketAdaptor.bind(ServerSocketAdaptor.java:74)
	at org.apache.tomcat.util.net.NioEndpoint.bind(NioEndpoint.java:245)
	at org.apache.tomcat.util.net.AbstractEndpoint.init(AbstractEndpoint.java:790)
	at org.apache.coyote.AbstractProtocol.init(AbstractProtocol.java:544)
	at org.apache.coyote.http11.AbstractHttp11Protocol.init(AbstractHttp11Protocol.java:67)
	at org.apache.catalina.connector.Connector.initInternal(Connector.java:978)
	at org.apache.catalina.util.LifecycleBase.init(LifecycleBase.java:107)
	at org.apache.catalina.core.StandardService.initInternal(StandardService.java:569)
	at org.apache.catalina.util.LifecycleBase.init(LifecycleBase.java:107)
	at org.apache.catalina.core.StandardServer.initInternal(StandardServer.java:851)
	at org.apache.catalina.util.LifecycleBase.init(LifecycleBase.java:107)
	at org.apache.catalina.startup.Catalina.load(Catalina.java:600)
	at org.apache.catalina.startup.Catalina.load(Catalina.java:623)
	at sun.reflect.NativeMethodAccessorImpl.invoke0(Native Method)
	at sun.reflect.NativeMethodAccessorImpl.invoke(NativeMethodAccessorImpl.java:62)
	at sun.reflect.DelegatingMethodAccessorImpl.invoke(DelegatingMethodAccessorImpl.java:43)
	at java.lang.reflect.Method.invoke(Method.java:483)
	at org.apache.catalina.startup.Bootstrap.load(Bootstrap.java:310)
	at org.apache.catalina.startup.Bootstrap.main(Bootstrap.java:484)

10-Dec-2015 20:45:12.986 SEVERE [main] org.apache.catalina.core.StandardService.initInternal Failed to initialize connector [Connector[HTTP/1.1-8080]]
 org.apache.catalina.LifecycleException: Failed to initialize component [Connector[HTTP/1.1-8080]]
	at org.apache.catalina.util.LifecycleBase.init(LifecycleBase.java:112)
	at org.apache.catalina.core.StandardService.initInternal(StandardService.java:569)
	at org.apache.catalina.util.LifecycleBase.init(LifecycleBase.java:107)
	at org.apache.catalina.core.StandardServer.initInternal(StandardServer.java:851)
	at org.apache.catalina.util.LifecycleBase.init(LifecycleBase.java:107)
	at org.apache.catalina.startup.Catalina.load(Catalina.java:600)
	at org.apache.catalina.startup.Catalina.load(Catalina.java:623)
	at sun.reflect.NativeMethodAccessorImpl.invoke0(Native Method)
	at sun.reflect.NativeMethodAccessorImpl.invoke(NativeMethodAccessorImpl.java:62)
	at sun.reflect.DelegatingMethodAccessorImpl.invoke(DelegatingMethodAccessorImpl.java:43)
	at java.lang.reflect.Method.invoke(Method.java:483)
	at org.apache.catalina.startup.Bootstrap.load(Bootstrap.java:310)
	at org.apache.catalina.startup.Bootstrap.main(Bootstrap.java:484)
Caused by: org.apache.catalina.LifecycleException: Protocol handler initialization failed
	at org.apache.catalina.connector.Connector.initInternal(Connector.java:982)
	at org.apache.catalina.util.LifecycleBase.init(LifecycleBase.java:107)
	... 12 more
Caused by: java.net.BindException: Address already in use
	at sun.nio.ch.Net.bind0(Native Method)
	at sun.nio.ch.Net.bind(Net.java:436)
	at sun.nio.ch.Net.bind(Net.java:428)
	at sun.nio.ch.ServerSocketChannelImpl.bind(ServerSocketChannelImpl.java:214)
	at sun.nio.ch.ServerSocketAdaptor.bind(ServerSocketAdaptor.java:74)
	at org.apache.tomcat.util.net.NioEndpoint.bind(NioEndpoint.java:245)
	at org.apache.tomcat.util.net.AbstractEndpoint.init(AbstractEndpoint.java:790)
	at org.apache.coyote.AbstractProtocol.init(AbstractProtocol.java:544)
	at org.apache.coyote.http11.AbstractHttp11Protocol.init(AbstractHttp11Protocol.java:67)
	at org.apache.catalina.connector.Connector.initInternal(Connector.java:978)
	... 13 more

10-Dec-2015 20:45:12.987 INFO [main] org.apache.coyote.AbstractProtocol.init Initializing ProtocolHandler ["ajp-nio-8009"]
10-Dec-2015 20:45:12.989 SEVERE [main] org.apache.coyote.AbstractProtocol.init Failed to initialize end point associated with ProtocolHandler ["ajp-nio-8009"]
 java.net.BindException: Address already in use
	at sun.nio.ch.Net.bind0(Native Method)
	at sun.nio.ch.Net.bind(Net.java:436)
	at sun.nio.ch.Net.bind(Net.java:428)
	at sun.nio.ch.ServerSocketChannelImpl.bind(ServerSocketChannelImpl.java:214)
	at sun.nio.ch.ServerSocketAdaptor.bind(ServerSocketAdaptor.java:74)
	at org.apache.tomcat.util.net.NioEndpoint.bind(NioEndpoint.java:245)
	at org.apache.tomcat.util.net.AbstractEndpoint.init(AbstractEndpoint.java:790)
	at org.apache.coyote.AbstractProtocol.init(AbstractProtocol.java:544)
	at org.apache.catalina.connector.Connector.initInternal(Connector.java:978)
	at org.apache.catalina.util.LifecycleBase.init(LifecycleBase.java:107)
	at org.apache.catalina.core.StandardService.initInternal(StandardService.java:569)
	at org.apache.catalina.util.LifecycleBase.init(LifecycleBase.java:107)
	at org.apache.catalina.core.StandardServer.initInternal(StandardServer.java:851)
	at org.apache.catalina.util.LifecycleBase.init(LifecycleBase.java:107)
	at org.apache.catalina.startup.Catalina.load(Catalina.java:600)
	at org.apache.catalina.startup.Catalina.load(Catalina.java:623)
	at sun.reflect.NativeMethodAccessorImpl.invoke0(Native Method)
	at sun.reflect.NativeMethodAccessorImpl.invoke(NativeMethodAccessorImpl.java:62)
	at sun.reflect.DelegatingMethodAccessorImpl.invoke(DelegatingMethodAccessorImpl.java:43)
	at java.lang.reflect.Method.invoke(Method.java:483)
	at org.apache.catalina.startup.Bootstrap.load(Bootstrap.java:310)
	at org.apache.catalina.startup.Bootstrap.main(Bootstrap.java:484)

10-Dec-2015 20:45:12.990 SEVERE [main] org.apache.catalina.core.StandardService.initInternal Failed to initialize connector [Connector[AJP/1.3-8009]]
 org.apache.catalina.LifecycleException: Failed to initialize component [Connector[AJP/1.3-8009]]
	at org.apache.catalina.util.LifecycleBase.init(LifecycleBase.java:112)
	at org.apache.catalina.core.StandardService.initInternal(StandardService.java:569)
	at org.apache.catalina.util.LifecycleBase.init(LifecycleBase.java:107)
	at org.apache.catalina.core.StandardServer.initInternal(StandardServer.java:851)
	at org.apache.catalina.util.LifecycleBase.init(LifecycleBase.java:107)
	at org.apache.catalina.startup.Catalina.load(Catalina.java:600)
	at org.apache.catalina.startup.Catalina.load(Catalina.java:623)
	at sun.reflect.NativeMethodAccessorImpl.invoke0(Native Method)
	at sun.reflect.NativeMethodAccessorImpl.invoke(NativeMethodAccessorImpl.java:62)
	at sun.reflect.DelegatingMethodAccessorImpl.invoke(DelegatingMethodAccessorImpl.java:43)
	at java.lang.reflect.Method.invoke(Method.java:483)
	at org.apache.catalina.startup.Bootstrap.load(Bootstrap.java:310)
	at org.apache.catalina.startup.Bootstrap.main(Bootstrap.java:484)
Caused by: org.apache.catalina.LifecycleException: Protocol handler initialization failed
	at org.apache.catalina.connector.Connector.initInternal(Connector.java:982)
	at org.apache.catalina.util.LifecycleBase.init(LifecycleBase.java:107)
	... 12 more
Caused by: java.net.BindException: Address already in use
	at sun.nio.ch.Net.bind0(Native Method)
	at sun.nio.ch.Net.bind(Net.java:436)
	at sun.nio.ch.Net.bind(Net.java:428)
	at sun.nio.ch.ServerSocketChannelImpl.bind(ServerSocketChannelImpl.java:214)
	at sun.nio.ch.ServerSocketAdaptor.bind(ServerSocketAdaptor.java:74)
	at org.apache.tomcat.util.net.NioEndpoint.bind(NioEndpoint.java:245)
	at org.apache.tomcat.util.net.AbstractEndpoint.init(AbstractEndpoint.java:790)
	at org.apache.coyote.AbstractProtocol.init(AbstractProtocol.java:544)
	at org.apache.catalina.connector.Connector.initInternal(Connector.java:978)
	... 13 more

10-Dec-2015 20:45:12.990 INFO [main] org.apache.catalina.startup.Catalina.load Initialization processed in 1233 ms
10-Dec-2015 20:45:13.046 INFO [main] org.apache.catalina.core.StandardService.startInternal Starting service Catalina
10-Dec-2015 20:45:13.046 INFO [main] org.apache.catalina.core.StandardEngine.startInternal Starting Servlet Engine: Apache Tomcat/9.0.0.M1
10-Dec-2015 20:45:13.074 INFO [localhost-startStop-1] org.apache.catalina.startup.HostConfig.deployDirectory Deploying web application directory /home/blitz-wiki/Blitz/Server/javapic/apache-tomcat-9.0.0.M1/webapps/host-manager
10-Dec-2015 20:45:13.522 INFO [localhost-startStop-1] org.apache.catalina.startup.HostConfig.deployDirectory Deployment of web application directory /home/blitz-wiki/Blitz/Server/javapic/apache-tomcat-9.0.0.M1/webapps/host-manager has finished in 449 ms
10-Dec-2015 20:45:13.523 INFO [localhost-startStop-1] org.apache.catalina.startup.HostConfig.deployDirectory Deploying web application directory /home/blitz-wiki/Blitz/Server/javapic/apache-tomcat-9.0.0.M1/webapps/examples
10-Dec-2015 20:45:13.861 INFO [localhost-startStop-1] org.apache.catalina.startup.HostConfig.deployDirectory Deployment of web application directory /home/blitz-wiki/Blitz/Server/javapic/apache-tomcat-9.0.0.M1/webapps/examples has finished in 337 ms
10-Dec-2015 20:45:13.861 INFO [localhost-startStop-1] org.apache.catalina.startup.HostConfig.deployDirectory Deploying web application directory /home/blitz-wiki/Blitz/Server/javapic/apache-tomcat-9.0.0.M1/webapps/manager
10-Dec-2015 20:45:13.893 INFO [localhost-startStop-1] org.apache.catalina.startup.HostConfig.deployDirectory Deployment of web application directory /home/blitz-wiki/Blitz/Server/javapic/apache-tomcat-9.0.0.M1/webapps/manager has finished in 31 ms
10-Dec-2015 20:45:13.893 INFO [localhost-startStop-1] org.apache.catalina.startup.HostConfig.deployDirectory Deploying web application directory /home/blitz-wiki/Blitz/Server/javapic/apache-tomcat-9.0.0.M1/webapps/docs
10-Dec-2015 20:45:13.927 INFO [localhost-startStop-1] org.apache.catalina.startup.HostConfig.deployDirectory Deployment of web application directory /home/blitz-wiki/Blitz/Server/javapic/apache-tomcat-9.0.0.M1/webapps/docs has finished in 34 ms
10-Dec-2015 20:45:13.927 INFO [localhost-startStop-1] org.apache.catalina.startup.HostConfig.deployDirectory Deploying web application directory /home/blitz-wiki/Blitz/Server/javapic/apache-tomcat-9.0.0.M1/webapps/ROOT
10-Dec-2015 20:45:13.952 INFO [localhost-startStop-1] org.apache.catalina.startup.HostConfig.deployDirectory Deployment of web application directory /home/blitz-wiki/Blitz/Server/javapic/apache-tomcat-9.0.0.M1/webapps/ROOT has finished in 25 ms
10-Dec-2015 20:45:13.957 INFO [main] org.apache.catalina.startup.Catalina.start Server startup in 965 ms
10-Dec-2015 20:48:23.175 INFO [main] org.apache.catalina.core.StandardServer.await A valid shutdown command was received via the shutdown port. Stopping the Server instance.
10-Dec-2015 20:48:23.176 INFO [main] org.apache.coyote.AbstractProtocol.pause Pausing ProtocolHandler ["http-nio-8080"]
10-Dec-2015 20:48:23.176 INFO [main] org.apache.coyote.AbstractProtocol.pause Pausing ProtocolHandler ["ajp-nio-8009"]
10-Dec-2015 20:48:23.176 INFO [main] org.apache.catalina.core.StandardService.stopInternal Stopping service Catalina
10-Dec-2015 20:48:23.244 INFO [main] org.apache.coyote.AbstractProtocol.stop Stopping ProtocolHandler ["http-nio-8080"]
10-Dec-2015 20:48:23.245 INFO [main] org.apache.coyote.AbstractProtocol.destroy Destroying ProtocolHandler ["http-nio-8080"]
10-Dec-2015 20:48:23.245 INFO [main] org.apache.coyote.AbstractProtocol.stop Stopping ProtocolHandler ["ajp-nio-8009"]
10-Dec-2015 20:48:23.245 INFO [main] org.apache.coyote.AbstractProtocol.destroy Destroying ProtocolHandler ["ajp-nio-8009"]
10-Dec-2015 20:48:28.245 INFO [main] org.apache.catalina.startup.VersionLoggerListener.log Server version:        Apache Tomcat/9.0.0.M1
10-Dec-2015 20:48:28.247 INFO [main] org.apache.catalina.startup.VersionLoggerListener.log Server built:          Nov 12 2015 22:05:52 UTC
10-Dec-2015 20:48:28.247 INFO [main] org.apache.catalina.startup.VersionLoggerListener.log Server number:         9.0.0.0
10-Dec-2015 20:48:28.247 INFO [main] org.apache.catalina.startup.VersionLoggerListener.log OS Name:               Linux
10-Dec-2015 20:48:28.247 INFO [main] org.apache.catalina.startup.VersionLoggerListener.log OS Version:            3.15.10
10-Dec-2015 20:48:28.247 INFO [main] org.apache.catalina.startup.VersionLoggerListener.log Architecture:          amd64
10-Dec-2015 20:48:28.248 INFO [main] org.apache.catalina.startup.VersionLoggerListener.log Java Home:             /usr/opt/oracle-jdk-bin-1.8.0.25/jre
10-Dec-2015 20:48:28.248 INFO [main] org.apache.catalina.startup.VersionLoggerListener.log JVM Version:           1.8.0_25-b17
10-Dec-2015 20:48:28.248 INFO [main] org.apache.catalina.startup.VersionLoggerListener.log JVM Vendor:            Oracle Corporation
10-Dec-2015 20:48:28.248 INFO [main] org.apache.catalina.startup.VersionLoggerListener.log CATALINA_BASE:         /home/blitz-wiki/Blitz/Server/javapic/apache-tomcat-9.0.0.M1
10-Dec-2015 20:48:28.248 INFO [main] org.apache.catalina.startup.VersionLoggerListener.log CATALINA_HOME:         /home/blitz-wiki/Blitz/Server/javapic/apache-tomcat-9.0.0.M1
10-Dec-2015 20:48:28.249 INFO [main] org.apache.catalina.startup.VersionLoggerListener.log Command line argument: -Djava.util.logging.config.file=/homes/blitz-wiki/Blitz/Server/javapic/apache-tomcat-9.0.0.M1/conf/logging.properties
10-Dec-2015 20:48:28.249 INFO [main] org.apache.catalina.startup.VersionLoggerListener.log Command line argument: -Djava.util.logging.manager=org.apache.juli.ClassLoaderLogManager
10-Dec-2015 20:48:28.249 INFO [main] org.apache.catalina.startup.VersionLoggerListener.log Command line argument: -Dcatalina.base=/homes/blitz-wiki/Blitz/Server/javapic/apache-tomcat-9.0.0.M1
10-Dec-2015 20:48:28.249 INFO [main] org.apache.catalina.startup.VersionLoggerListener.log Command line argument: -Dcatalina.home=/homes/blitz-wiki/Blitz/Server/javapic/apache-tomcat-9.0.0.M1
10-Dec-2015 20:48:28.249 INFO [main] org.apache.catalina.startup.VersionLoggerListener.log Command line argument: -Djava.io.tmpdir=/homes/blitz-wiki/Blitz/Server/javapic/apache-tomcat-9.0.0.M1/temp
10-Dec-2015 20:48:28.249 INFO [main] org.apache.catalina.core.AprLifecycleListener.lifecycleEvent The APR based Apache Tomcat Native library which allows optimal performance in production environments was not found on the java.library.path: /usr/java/packages/lib/amd64:/usr/lib64:/lib64:/lib:/usr/lib
10-Dec-2015 20:48:28.429 INFO [main] org.apache.coyote.AbstractProtocol.init Initializing ProtocolHandler ["http-nio-9075"]
10-Dec-2015 20:48:28.460 INFO [main] org.apache.tomcat.util.net.NioSelectorPool.getSharedSelector Using a shared selector for servlet write/read
10-Dec-2015 20:48:28.464 INFO [main] org.apache.coyote.AbstractProtocol.init Initializing ProtocolHandler ["ajp-nio-8009"]
10-Dec-2015 20:48:28.466 SEVERE [main] org.apache.coyote.AbstractProtocol.init Failed to initialize end point associated with ProtocolHandler ["ajp-nio-8009"]
 java.net.BindException: Address already in use
	at sun.nio.ch.Net.bind0(Native Method)
	at sun.nio.ch.Net.bind(Net.java:436)
	at sun.nio.ch.Net.bind(Net.java:428)
	at sun.nio.ch.ServerSocketChannelImpl.bind(ServerSocketChannelImpl.java:214)
	at sun.nio.ch.ServerSocketAdaptor.bind(ServerSocketAdaptor.java:74)
	at org.apache.tomcat.util.net.NioEndpoint.bind(NioEndpoint.java:245)
	at org.apache.tomcat.util.net.AbstractEndpoint.init(AbstractEndpoint.java:790)
	at org.apache.coyote.AbstractProtocol.init(AbstractProtocol.java:544)
	at org.apache.catalina.connector.Connector.initInternal(Connector.java:978)
	at org.apache.catalina.util.LifecycleBase.init(LifecycleBase.java:107)
	at org.apache.catalina.core.StandardService.initInternal(StandardService.java:569)
	at org.apache.catalina.util.LifecycleBase.init(LifecycleBase.java:107)
	at org.apache.catalina.core.StandardServer.initInternal(StandardServer.java:851)
	at org.apache.catalina.util.LifecycleBase.init(LifecycleBase.java:107)
	at org.apache.catalina.startup.Catalina.load(Catalina.java:600)
	at org.apache.catalina.startup.Catalina.load(Catalina.java:623)
	at sun.reflect.NativeMethodAccessorImpl.invoke0(Native Method)
	at sun.reflect.NativeMethodAccessorImpl.invoke(NativeMethodAccessorImpl.java:62)
	at sun.reflect.DelegatingMethodAccessorImpl.invoke(DelegatingMethodAccessorImpl.java:43)
	at java.lang.reflect.Method.invoke(Method.java:483)
	at org.apache.catalina.startup.Bootstrap.load(Bootstrap.java:310)
	at org.apache.catalina.startup.Bootstrap.main(Bootstrap.java:484)

10-Dec-2015 20:48:28.468 SEVERE [main] org.apache.catalina.core.StandardService.initInternal Failed to initialize connector [Connector[AJP/1.3-8009]]
 org.apache.catalina.LifecycleException: Failed to initialize component [Connector[AJP/1.3-8009]]
	at org.apache.catalina.util.LifecycleBase.init(LifecycleBase.java:112)
	at org.apache.catalina.core.StandardService.initInternal(StandardService.java:569)
	at org.apache.catalina.util.LifecycleBase.init(LifecycleBase.java:107)
	at org.apache.catalina.core.StandardServer.initInternal(StandardServer.java:851)
	at org.apache.catalina.util.LifecycleBase.init(LifecycleBase.java:107)
	at org.apache.catalina.startup.Catalina.load(Catalina.java:600)
	at org.apache.catalina.startup.Catalina.load(Catalina.java:623)
	at sun.reflect.NativeMethodAccessorImpl.invoke0(Native Method)
	at sun.reflect.NativeMethodAccessorImpl.invoke(NativeMethodAccessorImpl.java:62)
	at sun.reflect.DelegatingMethodAccessorImpl.invoke(DelegatingMethodAccessorImpl.java:43)
	at java.lang.reflect.Method.invoke(Method.java:483)
	at org.apache.catalina.startup.Bootstrap.load(Bootstrap.java:310)
	at org.apache.catalina.startup.Bootstrap.main(Bootstrap.java:484)
Caused by: org.apache.catalina.LifecycleException: Protocol handler initialization failed
	at org.apache.catalina.connector.Connector.initInternal(Connector.java:982)
	at org.apache.catalina.util.LifecycleBase.init(LifecycleBase.java:107)
	... 12 more
Caused by: java.net.BindException: Address already in use
	at sun.nio.ch.Net.bind0(Native Method)
	at sun.nio.ch.Net.bind(Net.java:436)
	at sun.nio.ch.Net.bind(Net.java:428)
	at sun.nio.ch.ServerSocketChannelImpl.bind(ServerSocketChannelImpl.java:214)
	at sun.nio.ch.ServerSocketAdaptor.bind(ServerSocketAdaptor.java:74)
	at org.apache.tomcat.util.net.NioEndpoint.bind(NioEndpoint.java:245)
	at org.apache.tomcat.util.net.AbstractEndpoint.init(AbstractEndpoint.java:790)
	at org.apache.coyote.AbstractProtocol.init(AbstractProtocol.java:544)
	at org.apache.catalina.connector.Connector.initInternal(Connector.java:978)
	... 13 more

10-Dec-2015 20:48:28.469 INFO [main] org.apache.catalina.startup.Catalina.load Initialization processed in 735 ms
10-Dec-2015 20:48:28.499 INFO [main] org.apache.catalina.core.StandardService.startInternal Starting service Catalina
10-Dec-2015 20:48:28.499 INFO [main] org.apache.catalina.core.StandardEngine.startInternal Starting Servlet Engine: Apache Tomcat/9.0.0.M1
10-Dec-2015 20:48:28.528 INFO [localhost-startStop-1] org.apache.catalina.startup.HostConfig.deployDirectory Deploying web application directory /home/blitz-wiki/Blitz/Server/javapic/apache-tomcat-9.0.0.M1/webapps/host-manager
10-Dec-2015 20:48:28.914 INFO [localhost-startStop-1] org.apache.catalina.startup.HostConfig.deployDirectory Deployment of web application directory /home/blitz-wiki/Blitz/Server/javapic/apache-tomcat-9.0.0.M1/webapps/host-manager has finished in 385 ms
10-Dec-2015 20:48:28.914 INFO [localhost-startStop-1] org.apache.catalina.startup.HostConfig.deployDirectory Deploying web application directory /home/blitz-wiki/Blitz/Server/javapic/apache-tomcat-9.0.0.M1/webapps/examples
10-Dec-2015 20:48:29.224 INFO [localhost-startStop-1] org.apache.catalina.startup.HostConfig.deployDirectory Deployment of web application directory /home/blitz-wiki/Blitz/Server/javapic/apache-tomcat-9.0.0.M1/webapps/examples has finished in 310 ms
10-Dec-2015 20:48:29.225 INFO [localhost-startStop-1] org.apache.catalina.startup.HostConfig.deployDirectory Deploying web application directory /home/blitz-wiki/Blitz/Server/javapic/apache-tomcat-9.0.0.M1/webapps/manager
10-Dec-2015 20:48:29.264 INFO [localhost-startStop-1] org.apache.catalina.startup.HostConfig.deployDirectory Deployment of web application directory /home/blitz-wiki/Blitz/Server/javapic/apache-tomcat-9.0.0.M1/webapps/manager has finished in 39 ms
10-Dec-2015 20:48:29.264 INFO [localhost-startStop-1] org.apache.catalina.startup.HostConfig.deployDirectory Deploying web application directory /home/blitz-wiki/Blitz/Server/javapic/apache-tomcat-9.0.0.M1/webapps/docs
10-Dec-2015 20:48:29.292 INFO [localhost-startStop-1] org.apache.catalina.startup.HostConfig.deployDirectory Deployment of web application directory /home/blitz-wiki/Blitz/Server/javapic/apache-tomcat-9.0.0.M1/webapps/docs has finished in 27 ms
10-Dec-2015 20:48:29.292 INFO [localhost-startStop-1] org.apache.catalina.startup.HostConfig.deployDirectory Deploying web application directory /home/blitz-wiki/Blitz/Server/javapic/apache-tomcat-9.0.0.M1/webapps/ROOT
10-Dec-2015 20:48:29.318 INFO [localhost-startStop-1] org.apache.catalina.startup.HostConfig.deployDirectory Deployment of web application directory /home/blitz-wiki/Blitz/Server/javapic/apache-tomcat-9.0.0.M1/webapps/ROOT has finished in 26 ms
10-Dec-2015 20:48:29.322 INFO [main] org.apache.coyote.AbstractProtocol.start Starting ProtocolHandler [http-nio-9075]
10-Dec-2015 20:48:29.331 INFO [main] org.apache.catalina.startup.Catalina.start Server startup in 861 ms
10-Dec-2015 20:50:49.347 INFO [localhost-startStop-2] org.apache.catalina.startup.HostConfig.deployDirectory Deploying web application directory /home/blitz-wiki/Blitz/Server/javapic/apache-tomcat-9.0.0.M1/webapps/UploadFileServlet
10-Dec-2015 20:50:49.388 INFO [localhost-startStop-2] org.apache.catalina.startup.HostConfig.deployDirectory Deployment of web application directory /home/blitz-wiki/Blitz/Server/javapic/apache-tomcat-9.0.0.M1/webapps/UploadFileServlet has finished in 41 ms
10-Dec-2015 20:51:59.400 INFO [ContainerBackgroundProcessor[StandardEngine[Catalina]]] org.apache.catalina.startup.HostConfig.reload Reloading context [/UploadFileServlet]
10-Dec-2015 20:51:59.401 INFO [ContainerBackgroundProcessor[StandardEngine[Catalina]]] org.apache.catalina.core.StandardContext.reload Reloading Context with name [/UploadFileServlet] has started
10-Dec-2015 20:51:59.460 INFO [ContainerBackgroundProcessor[StandardEngine[Catalina]]] org.apache.catalina.core.StandardContext.reload Reloading Context with name [/UploadFileServlet] is completed
10-Dec-2015 20:53:29.473 INFO [ContainerBackgroundProcessor[StandardEngine[Catalina]]] org.apache.catalina.startup.HostConfig.reload Reloading context [/UploadFileServlet]
10-Dec-2015 20:53:29.474 INFO [ContainerBackgroundProcessor[StandardEngine[Catalina]]] org.apache.catalina.core.StandardContext.reload Reloading Context with name [/UploadFileServlet] has started
10-Dec-2015 20:53:29.512 INFO [ContainerBackgroundProcessor[StandardEngine[Catalina]]] org.apache.catalina.core.StandardContext.reload Reloading Context with name [/UploadFileServlet] is completed
